Add component (AddParameter): Name = "Digikey ref"; Value = "RR05P10.0KDCT-ND"; VariantName = "[No Variations]"
Add component (AddParameter): Name = "Farnell ref"; Value = ""; VariantName = "[No Variations]"
Add component (AddParameter): Name = "status"; Value = ""; VariantName = "[No Variations]"
Add component (AddParameter): Name = "value"; Value = "10k"; VariantName = "[No Variations]"
Added Component: Designator=R31(0402_)
Add component. Clean all parameters for all variants
Add component (AddParameter): Name = "Digikey ref"; Value = "RR05P10.0KDCT-ND"; VariantName = "[No Variations]"
Add component (AddParameter): Name = "Farnell ref"; Value = ""; VariantName = "[No Variations]"
Add component (AddParameter): Name = "status"; Value = ""; VariantName = "[No Variations]"
Add component (AddParameter): Name = "value"; Value = "10k"; VariantName = "[No Variations]"
Add component (AddParameter): Name = "Digikey ref"; Value = "RR05P10.0KDCT-ND"; VariantName = "[No Variations]"
Add component (AddParameter): Name = "Farnell ref"; Value = ""; VariantName = "[No Variations]"
Add component (AddParameter): Name = "status"; Value = ""; VariantName = "[No Variations]"
Add component (AddParameter): Name = "value"; Value = "10k"; VariantName = "[No Variations]"
Added Component: Designator=R32(0402_)
Add component. Clean all parameters for all variants
Add component (AddParameter): Name = "Digikey ref"; Value = "RR05P10.0KDCT-ND"; VariantName = "[No Variations]"
Add component (AddParameter): Name = "Farnell ref"; Value = ""; VariantName = "[No Variations]"
Add component (AddParameter): Name = "status"; Value = ""; VariantName = "[No Variations]"
Add component (AddParameter): Name = "value"; Value = "10k"; VariantName = "[No Variations]"
Add component (AddParameter): Name = "Digikey ref"; Value = "RR05P10.0KDCT-ND"; VariantName = "[No Variations]"
Add component (AddParameter): Name = "Farnell ref"; Value = ""; VariantName = "[No Variations]"
Add component (AddParameter): Name = "status"; Value = ""; VariantName = "[No Variations]"
Add component (AddParameter): Name = "value"; Value = "10k"; VariantName = "[No Variations]"
Added Component: Designator=R33(0402_)
Add component. Clean all parameters for all variants
Add component (AddParameter): Name = "Digikey ref"; Value = "RR05P10.0KDCT-ND"; VariantName = "[No Variations]"
Add component (AddParameter): Name = "Farnell ref"; Value = ""; VariantName = "[No Variations]"
Add component (AddParameter): Name = "status"; Value = ""; VariantName = "[No Variations]"
Add component (AddParameter): Name = "value"; Value = "10k"; VariantName = "[No Variations]"
Add component (AddParameter): Name = "Digikey ref"; Value = "RR05P10.0KDCT-ND"; VariantName = "[No Variations]"
Add component (AddParameter): Name = "Farnell ref"; Value = ""; VariantName = "[No Variations]"
Add component (AddParameter): Name = "status"; Value = ""; VariantName = "[No Variations]"
Add component (AddParameter): Name = "value"; Value = "10k"; VariantName = "[No Variations]"
Added Component: Designator=R34(0402_)
Add component. Clean all parameters for all variants
Add component (AddParameter): Name = "Digikey ref"; Value = "RR05P10.0KDCT-ND"; VariantName = "[No Variations]"
Add component (AddParameter): Name = "Farnell ref"; Value = ""; VariantName = "[No Variations]"
Add component (AddParameter): Name = "status"; Value = ""; VariantName = "[No Variations]"
Add component (AddParameter): Name = "value"; Value = "10k"; VariantName = "[No Variations]"
Add component (AddParameter): Name = "Digikey ref"; Value = "RR05P10.0KDCT-ND"; VariantName = "[No Variations]"
Add component (AddParameter): Name = "Farnell ref"; Value = ""; VariantName = "[No Variations]"
Add component (AddParameter): Name = "status"; Value = ""; VariantName = "[No Variations]"
Add component (AddParameter): Name = "value"; Value = "10k"; VariantName = "[No Variations]"
Added Component: Designator=R35(0402_)
Add component. Clean all parameters for all variants
Add component (AddParameter): Name = "Digikey ref"; Value = "RR05P10.0KDCT-ND"; VariantName = "[No Variations]"
Add component (AddParameter): Name = "Farnell ref"; Value = ""; VariantName = "[No Variations]"
Add component (AddParameter): Name = "status"; Value = ""; VariantName = "[No Variations]"
Add component (AddParameter): Name = "value"; Value = "10k"; VariantName = "[No Variations]"
Add component (AddParameter): Name = "Digikey ref"; Value = "RR05P10.0KDCT-ND"; VariantName = "[No Variations]"
Add component (AddParameter): Name = "Farnell ref"; Value = ""; VariantName = "[No Variations]"
Add component (AddParameter): Name = "status"; Value = ""; VariantName = "[No Variations]"
Add component (AddParameter): Name = "value"; Value = "10k"; VariantName = "[No Variations]"
Added Component: Designator=R36(0402_)
Add component. Clean all parameters for all variants
Add component (AddParameter): Name = "Digikey ref"; Value = "RR05P10.0KDCT-ND"; VariantName = "[No Variations]"
Add component (AddParameter): Name = "Farnell ref"; Value = ""; VariantName = "[No Variations]"
Add component (AddParameter): Name = "status"; Value = ""; VariantName = "[No Variations]"
Add component (AddParameter): Name = "value"; Value = "10k"; VariantName = "[No Variations]"
Add component (AddParameter): Name = "Digikey ref"; Value = "RR05P10.0KDCT-ND"; VariantName = "[No Variations]"
Add component (AddParameter): Name = "Farnell ref"; Value = ""; VariantName = "[No Variations]"
Add component (AddParameter): Name = "status"; Value = ""; VariantName = "[No Variations]"
Add component (AddParameter): Name = "value"; Value = "10k"; VariantName = "[No Variations]"
Added Component: Designator=R37(0402_)
Add component. Clean all parameters for all variants
Add component (AddParameter): Name = "Digikey ref"; Value = "RR05P10.0KDCT-ND"; VariantName = "[No Variations]"
Add component (AddParameter): Name = "Farnell ref"; Value = ""; VariantName = "[No Variations]"
Add component (AddParameter): Name = "status"; Value = ""; VariantName = "[No Variations]"
Add component (AddParameter): Name = "value"; Value = "10k"; VariantName = "[No Variations]"
Add component (AddParameter): Name = "Digikey ref"; Value = "RR05P10.0KDCT-ND"; VariantName = "[No Variations]"
Add component (AddParameter): Name = "Farnell ref"; Value = ""; VariantName = "[No Variations]"
Add component (AddParameter): Name = "status"; Value = ""; VariantName = "[No Variations]"
Add component (AddParameter): Name = "value"; Value = "10k"; VariantName = "[No Variations]"
Added Component: Designator=R38(0402_)
Add component. Clean all parameters for all variants
Add component (AddParameter): Name = "Digikey ref"; Value = "RR05P10.0KDCT-ND"; VariantName = "[No Variations]"
Add component (AddParameter): Name = "Farnell ref"; Value = ""; VariantName = "[No Variations]"
Add component (AddParameter): Name = "status"; Value = ""; VariantName = "[No Variations]"
Add component (AddParameter): Name = "value"; Value = "10k"; VariantName = "[No Variations]"
Add component (AddParameter): Name = "Digikey ref"; Value = "RR05P10.0KDCT-ND"; VariantName = "[No Variations]"
Add component (AddParameter): Name = "Farnell ref"; Value = ""; VariantName = "[No Variations]"
Add component (AddParameter): Name = "status"; Value = ""; VariantName = "[No Variations]"
Add component (AddParameter): Name = "value"; Value = "10k"; VariantName = "[No Variations]"
Added Component: Designator=R39(0402_)
Add component. Clean all parameters for all variants
Add component (AddParameter): Name = "Digikey ref"; Value = "RR05P10.0KDCT-ND"; VariantName = "[No Variations]"
Add component (AddParameter): Name = "Farnell ref"; Value = ""; VariantName = "[No Variations]"
Add component (AddParameter): Name = "status"; Value = ""; VariantName = "[No Variations]"
Add component (AddParameter): Name = "value"; Value = "10k"; VariantName = "[No Variations]"
Add component (AddParameter): Name = "Digikey ref"; Value = "RR05P10.0KDCT-ND"; VariantName = "[No Variations]"
Add component (AddParameter): Name = "Farnell ref"; Value = ""; VariantName = "[No Variations]"
Add component (AddParameter): Name = "status"; Value = ""; VariantName = "[No Variations]"
Add component (AddParameter): Name = "value"; Value = "10k"; VariantName = "[No Variations]"
Added Component: Designator=R40(0402_)
Add component. Clean all parameters for all variants
Add component (AddParameter): Name = "Digikey ref"; Value = "RR05P10.0KDCT-ND"; VariantName = "[No Variations]"
Add component (AddParameter): Name = "Farnell ref"; Value = ""; VariantName = "[No Variations]"
Add component (AddParameter): Name = "status"; Value = ""; VariantName = "[No Variations]"
Add component (AddParameter): Name = "value"; Value = "10k"; VariantName = "[No Variations]"
Add component (AddParameter): Name = "Digikey ref"; Value = "RR05P10.0KDCT-ND"; VariantName = "[No Variations]"
Add component (AddParameter): Name = "Farnell ref"; Value = ""; VariantName = "[No Variations]"
Add component (AddParameter): Name = "status"; Value = ""; VariantName = "[No Variations]"
Add component (AddParameter): Name = "value"; Value = "10k"; VariantName = "[No Variations]"
Added Component: Designator=R41(0402_)
Add component. Clean all parameters for all variants
Add component (AddParameter): Name = "Digikey ref"; Value = "RR05P10.0KDCT-ND"; VariantName = "[No Variations]"
Add component (AddParameter): Name = "Farnell ref"; Value = ""; VariantName = "[No Variations]"
Add component (AddParameter): Name = "status"; Value = ""; VariantName = "[No Variations]"
Add component (AddParameter): Name = "value"; Value = "10k"; VariantName = "[No Variations]"
Add component (AddParameter): Name = "Digikey ref"; Value = "RR05P10.0KDCT-ND"; VariantName = "[No Variations]"
Add component (AddParameter): Name = "Farnell ref"; Value = ""; VariantName = "[No Variations]"
Add component (AddParameter): Name = "status"; Value = ""; VariantName = "[No Variations]"
Add component (AddParameter): Name = "value"; Value = "10k"; VariantName = "[No Variations]"
Added Component: Designator=R42(0402_)
Add component. Clean all parameters for all variants
Add component (AddParameter): Name = "Digikey ref"; Value = "RR05P10.0KDCT-ND"; VariantName = "[No Variations]"
Add component (AddParameter): Name = "Farnell ref"; Value = ""; VariantName = "[No Variations]"
Add component (AddParameter): Name = "status"; Value = ""; VariantName = "[No Variations]"
Add component (AddParameter): Name = "value"; Value = "10k"; VariantName = "[No Variations]"
Add component (AddParameter): Name = "Digikey ref"; Value = "RR05P10.0KDCT-ND"; VariantName = "[No Variations]"
Add component (AddParameter): Name = "Farnell ref"; Value = ""; VariantName = "[No Variations]"
Add component (AddParameter): Name = "status"; Value = ""; VariantName = "[No Variations]"
Add component (AddParameter): Name = "value"; Value = "10k"; VariantName = "[No Variations]"
Added Component: Designator=R43(0402_)
Add component. Clean all parameters for all variants
Add component (AddParameter): Name = "Digikey ref"; Value = "RR05P10.0KDCT-ND"; VariantName = "[No Variations]"
Add component (AddParameter): Name = "Farnell ref"; Value = ""; VariantName = "[No Variations]"
Add component (AddParameter): Name = "status"; Value = ""; VariantName = "[No Variations]"
Add component (AddParameter): Name = "value"; Value = "10k"; VariantName = "[No Variations]"
Add component (AddParameter): Name = "Digikey ref"; Value = "RR05P10.0KDCT-ND"; VariantName = "[No Variations]"
Add component (AddParameter): Name = "Farnell ref"; Value = ""; VariantName = "[No Variations]"
Add component (AddParameter): Name = "status"; Value = ""; VariantName = "[No Variations]"
Add component (AddParameter): Name = "value"; Value = "10k"; VariantName = "[No Variations]"
Added Component: Designator=R44(0402_)
Add component. Clean all parameters for all variants
Add component (AddParameter): Name = "Digikey ref"; Value = "RR05P10.0KDCT-ND"; VariantName = "[No Variations]"
Add component (AddParameter): Name = "Farnell ref"; Value = ""; VariantName = "[No Variations]"
Add component (AddParameter): Name = "status"; Value = ""; VariantName = "[No Variations]"
Add component (AddParameter): Name = "value"; Value = "10k"; VariantName = "[No Variations]"
Add component (AddParameter): Name = "Digikey ref"; Value = "RR05P10.0KDCT-ND"; VariantName = "[No Variations]"
Add component (AddParameter): Name = "Farnell ref"; Value = ""; VariantName = "[No Variations]"
Add component (AddParameter): Name = "status"; Value = ""; VariantName = "[No Variations]"
Add component (AddParameter): Name = "value"; Value = "10k"; VariantName = "[No Variations]"
Added Component: Designator=R45(0402_)
Add component. Clean all parameters for all variants
Add component (AddParameter): Name = "Digikey ref"; Value = "RR05P10.0KDCT-ND"; VariantName = "[No Variations]"
Add component (AddParameter): Name = "Farnell ref"; Value = ""; VariantName = "[No Variations]"
Add component (AddParameter): Name = "status"; Value = ""; VariantName = "[No Variations]"
Add component (AddParameter): Name = "value"; Value = "10k"; VariantName = "[No Variations]"
Added Pin To Net: NetName=GND Pin=R31-1
Added Pin To Net: NetName=Gaz Pin=R31-2
Added Pin To Net: NetName=GND Pin=R32-1
Added Pin To Net: NetName=STOP Pin=R32-2
Added Pin To Net: NetName=GND Pin=R33-1
Added Pin To Net: NetName=MOT+ Pin=R33-2
Added Pin To Net: NetName=GND Pin=R34-1
Added Pin To Net: NetName=MOT- Pin=R34-2
Added Pin To Net: NetName=GND Pin=R35-1
Added Pin To Net: NetName=CAME Pin=R35-2
Added Pin To Net: NetName=GND Pin=R36-1
Added Pin To Net: NetName=EMBRAY Pin=R36-2
Added Pin To Net: NetName=GND Pin=R37-1
Added Pin To Net: NetName=NEUTRE Pin=R37-2
Added Pin To Net: NetName=GND Pin=R38-1
Added Pin To Net: NetName=Regime Pin=R38-2
Added Pin To Net: NetName=GND Pin=R39-1
Added Pin To Net: NetName=RESERVED1 Pin=R39-2
Added Pin To Net: NetName=GND Pin=R40-1
Added Pin To Net: NetName=Huile Pin=R40-2
Added Pin To Net: NetName=GND Pin=R41-1
Added Pin To Net: NetName=Shifter Pin=R41-2
Added Pin To Net: NetName=GND Pin=R42-1
Added Pin To Net: NetName=RESERVED2 Pin=R42-2
Added Pin To Net: NetName=GND Pin=R43-1
Added Pin To Net: NetName=RESERVED3 Pin=R43-2
Added Pin To Net: NetName=GND Pin=R44-1
Added Pin To Net: NetName=Rapport+ Pin=R44-2
Added Pin To Net: NetName=GND Pin=R45-1
Added Pin To Net: NetName=Rapport- Pin=R45-2
Added Member To Class: ClassName=U_MCU Member=Component R31 10k
Added Member To Class: ClassName=U_MCU Member=Component R32 10k
Added Member To Class: ClassName=U_MCU Member=Component R33 10k
Added Member To Class: ClassName=U_MCU Member=Component R34 10k
Added Member To Class: ClassName=U_MCU Member=Component R35 10k
Added Member To Class: ClassName=U_MCU Member=Component R36 10k
Added Member To Class: ClassName=U_MCU Member=Component R37 10k
Added Member To Class: ClassName=U_MCU Member=Component R38 10k
Added Member To Class: ClassName=U_MCU Member=Component R39 10k
Added Member To Class: ClassName=U_MCU Member=Component R40 10k
Added Member To Class: ClassName=U_MCU Member=Component R41 10k
Added Member To Class: ClassName=U_MCU Member=Component R42 10k
Added Member To Class: ClassName=U_MCU Member=Component R43 10k
Added Member To Class: ClassName=U_MCU Member=Component R44 10k
Added Member To Class: ClassName=U_MCU Member=Component R45 10k
