Change Component Footprint: Designator=C1 Old Footprint=0603c New Footprint=0805_
Change Component Comment : Designator=C1 Old Comment=C New Comment=22u
Change component parameters. Clean all parameters for all variants
Change component parameters (AddParameter): Name = "Digikey ref"; Value = "568-10954-1-ND"; VariantName = "[No Variations]"
Change component parameters (AddParameter): Name = "Farnell ref"; Value = "*"; VariantName = "[No Variations]"
Change component parameters (AddParameter): Name = "Manufacturer"; Value = "NXP"; VariantName = "[No Variations]"
Change component parameters (AddParameter): Name = "Manufacturer PartNum"; Value = "PCA9952TW/Q900,118"; VariantName = "[No Variations]"
Change component parameters (AddParameter): Name = "status"; Value = "*"; VariantName = "[No Variations]"
Change component parameters. Clean all parameters for all variants
Change component parameters (AddParameter): Name = "Digikey ref"; Value = "568-10954-1-ND"; VariantName = "[No Variations]"
Change component parameters (AddParameter): Name = "Farnell ref"; Value = "*"; VariantName = "[No Variations]"
Change component parameters (AddParameter): Name = "Manufacturer"; Value = "NXP"; VariantName = "[No Variations]"
Change component parameters (AddParameter): Name = "Manufacturer PartNum"; Value = "PCA9952TW/Q900,118"; VariantName = "[No Variations]"
Change component parameters (AddParameter): Name = "status"; Value = "*"; VariantName = "[No Variations]"
Change component parameters. Clean all parameters for all variants
Change component parameters (AddParameter): Name = "Digikey ref"; Value = "568-10954-1-ND"; VariantName = "[No Variations]"
Change component parameters (AddParameter): Name = "Farnell ref"; Value = "*"; VariantName = "[No Variations]"
Change component parameters (AddParameter): Name = "Manufacturer"; Value = "NXP"; VariantName = "[No Variations]"
Change component parameters (AddParameter): Name = "Manufacturer PartNum"; Value = "PCA9952TW/Q900,118"; VariantName = "[No Variations]"
Change component parameters (AddParameter): Name = "status"; Value = "*"; VariantName = "[No Variations]"
Change component parameters. Clean all parameters for all variants
Change component parameters (AddParameter): Name = "Digikey ref"; Value = "490-10511-1-ND"; VariantName = "[No Variations]"
Change component parameters (AddParameter): Name = "Farnell ref"; Value = ""; VariantName = "[No Variations]"
Change component parameters (AddParameter): Name = "Manufacturer"; Value = "Murata"; VariantName = "[No Variations]"
Change component parameters (AddParameter): Name = "Manufacturer PartNum"; Value = "GRM21BR61A226ME51L"; VariantName = "[No Variations]"
Change component parameters (AddParameter): Name = "Rated voltage"; Value = "10V"; VariantName = "[No Variations]"
Change component parameters (AddParameter): Name = "value"; Value = "22u"; VariantName = "[No Variations]"
