Removed Pin From Net: NetName=BARGRAPH_LED16 Pin=U7-6
Removed Pin From Net: NetName=BARGRAPH_LED17 Pin=U7-7
Removed Pin From Net: NetName=BARGRAPH_LED18 Pin=U7-8
Removed Pin From Net: NetName=BARGRAPH_LED19 Pin=U7-9
Removed Pin From Net: NetName=BARGRAPH_LED20 Pin=U7-11
Removed Pin From Net: NetName=BARGRAPH_LED21 Pin=U7-12
Change component parameters. Clean all parameters for all variants
Change component parameters (AddParameter): Name = "Digikey ref"; Value = "568-10954-1-ND"; VariantName = "[No Variations]"
Change component parameters (AddParameter): Name = "Farnell ref"; Value = "*"; VariantName = "[No Variations]"
Change component parameters (AddParameter): Name = "Manufacturer"; Value = "NXP"; VariantName = "[No Variations]"
Change component parameters (AddParameter): Name = "Manufacturer PartNum"; Value = "PCA9952TW/Q900,118"; VariantName = "[No Variations]"
Change component parameters (AddParameter): Name = "status"; Value = "*"; VariantName = "[No Variations]"
Change component parameters. Clean all parameters for all variants
Change component parameters (AddParameter): Name = "Digikey ref"; Value = "568-10954-1-ND"; VariantName = "[No Variations]"
Change component parameters (AddParameter): Name = "Farnell ref"; Value = "*"; VariantName = "[No Variations]"
Change component parameters (AddParameter): Name = "Manufacturer"; Value = "NXP"; VariantName = "[No Variations]"
Change component parameters (AddParameter): Name = "Manufacturer PartNum"; Value = "PCA9952TW/Q900,118"; VariantName = "[No Variations]"
Change component parameters (AddParameter): Name = "status"; Value = "*"; VariantName = "[No Variations]"
Change component parameters. Clean all parameters for all variants
Change component parameters (AddParameter): Name = "Digikey ref"; Value = "568-10954-1-ND"; VariantName = "[No Variations]"
Change component parameters (AddParameter): Name = "Farnell ref"; Value = "*"; VariantName = "[No Variations]"
Change component parameters (AddParameter): Name = "Manufacturer"; Value = "NXP"; VariantName = "[No Variations]"
Change component parameters (AddParameter): Name = "Manufacturer PartNum"; Value = "PCA9952TW/Q900,118"; VariantName = "[No Variations]"
Change component parameters (AddParameter): Name = "status"; Value = "*"; VariantName = "[No Variations]"
Added Pin To Net: NetName=BARGRAPH_LED21 Pin=U7-15
Added Pin To Net: NetName=BARGRAPH_LED20 Pin=U7-16
Added Pin To Net: NetName=BARGRAPH_LED19 Pin=U7-17
Added Pin To Net: NetName=BARGRAPH_LED18 Pin=U7-18
Added Pin To Net: NetName=BARGRAPH_LED17 Pin=U7-20
Added Pin To Net: NetName=BARGRAPH_LED16 Pin=U7-21
