Change Physical Footprint: Designator=C1 Old Footprint=0805_ New Footprint=0805_
Change Physical Footprint: Designator=C2 Old Footprint=0402_ New Footprint=0402_
Change Physical Footprint: Designator=C3 Old Footprint=0402_ New Footprint=0402_
Change Physical Footprint: Designator=C4 Old Footprint=2917 New Footprint=2917
Change Physical Footprint: Designator=C5 Old Footprint=0402_ New Footprint=0402_
Change Physical Footprint: Designator=C6 Old Footprint=0402_ New Footprint=0402_
Change Physical Footprint: Designator=C7 Old Footprint=1206_ New Footprint=1206_
Change Physical Footprint: Designator=C8 Old Footprint=0402_ New Footprint=0402_
Change Physical Footprint: Designator=C9 Old Footprint=0402_ New Footprint=0402_
Change Physical Footprint: Designator=C10 Old Footprint=0402_ New Footprint=0402_
Change Physical Footprint: Designator=C11 Old Footprint=0402_ New Footprint=0402_
Change Physical Footprint: Designator=C12 Old Footprint=0402_ New Footprint=0402_
Change Physical Footprint: Designator=C13 Old Footprint=0402_ New Footprint=0402_
Change Physical Footprint: Designator=C14 Old Footprint=0402_ New Footprint=0402_
Change Physical Footprint: Designator=C15 Old Footprint=C_pol8x12mm New Footprint=C_pol8x12mm
Change Physical Footprint: Designator=C16 Old Footprint=0402_ New Footprint=0402_
Change Physical Footprint: Designator=C17 Old Footprint=0402_ New Footprint=0402_
Change Physical Footprint: Designator=C18 Old Footprint=0402_ New Footprint=0402_
Change Physical Footprint: Designator=C19 Old Footprint=0402_ New Footprint=0402_
Change Physical Footprint: Designator=C20 Old Footprint=0402_ New Footprint=0402_
Change Physical Footprint: Designator=C21 Old Footprint=0402_ New Footprint=0402_
Change Physical Footprint: Designator=C22 Old Footprint=0402_ New Footprint=0402_
Change Physical Footprint: Designator=C23 Old Footprint=0402_ New Footprint=0402_
Change Physical Footprint: Designator=C24 Old Footprint=0402_ New Footprint=0402_
Change Physical Footprint: Designator=C25 Old Footprint=0805_ New Footprint=0805_
Change Physical Footprint: Designator=C26 Old Footprint=0402_ New Footprint=0402_
Change Physical Footprint: Designator=C27 Old Footprint=0402_ New Footprint=0402_
Change Physical Footprint: Designator=C28 Old Footprint=0402_ New Footprint=0402_
Change Physical Footprint: Designator=C29 Old Footprint=0402_ New Footprint=0402_
Change Physical Footprint: Designator=C30 Old Footprint=0402_ New Footprint=0402_
Change Physical Footprint: Designator=C31 Old Footprint=0402_ New Footprint=0402_
Change Physical Footprint: Designator=C32 Old Footprint=0402_ New Footprint=0402_
Change Physical Footprint: Designator=D1 Old Footprint=LED3MM_GREEN New Footprint=LED3MM_GREEN
Change Physical Footprint: Designator=D2 Old Footprint=LED5MM_RED New Footprint=LED5MM_RED
Change Physical Footprint: Designator=D3 Old Footprint=LED5MM_RED New Footprint=LED5MM_RED
Change Physical Footprint: Designator=D4 Old Footprint=LED3MM_BLUE New Footprint=LED3MM_BLUE
Change Physical Footprint: Designator=D5 Old Footprint=LED3MM_GREEN New Footprint=LED3MM_GREEN
Change Physical Footprint: Designator=D6 Old Footprint=LED3MM_GREEN New Footprint=LED3MM_GREEN
Change Physical Footprint: Designator=D7 Old Footprint=LED5MM_GREEN New Footprint=LED5MM_GREEN
Change Physical Footprint: Designator=D8 Old Footprint=LED3MM_BLUE New Footprint=LED3MM_BLUE
Change Physical Footprint: Designator=D9 Old Footprint=SMB_FLAT New Footprint=SMB_FLAT
Change Physical Footprint: Designator=D10 Old Footprint=1N5354 New Footprint=1N5354
Change Physical Footprint: Designator=D11 Old Footprint=LED3MM_BLUE New Footprint=LED3MM_BLUE
Change Physical Footprint: Designator=D12 Old Footprint=LED3MM_BLUE New Footprint=LED3MM_BLUE
Change Physical Footprint: Designator=D13 Old Footprint=LED3MM_BLUE New Footprint=LED3MM_BLUE
Change Physical Footprint: Designator=D14 Old Footprint=LED3MM_BLUE New Footprint=LED3MM_BLUE
Change Physical Footprint: Designator=D15 Old Footprint=LED3MM_BLUE New Footprint=LED3MM_BLUE
Change Physical Footprint: Designator=D16 Old Footprint=LED3MM_BLUE New Footprint=LED3MM_BLUE
Change Physical Footprint: Designator=D17 Old Footprint=LED3MM_BLUE New Footprint=LED3MM_BLUE
Change Physical Footprint: Designator=D18 Old Footprint=LED3MM_BLUE New Footprint=LED3MM_BLUE
Change Physical Footprint: Designator=D19 Old Footprint=LED3MM_BLUE New Footprint=LED3MM_BLUE
Change Physical Footprint: Designator=D20 Old Footprint=LED3MM_GREEN New Footprint=LED3MM_GREEN
Change Physical Footprint: Designator=D21 Old Footprint=LED3MM_GREEN New Footprint=LED3MM_GREEN
Change Physical Footprint: Designator=D22 Old Footprint=LED3MM_GREEN New Footprint=LED3MM_GREEN
Change Physical Footprint: Designator=D23 Old Footprint=LED3MM_GREEN New Footprint=LED3MM_GREEN
Change Physical Footprint: Designator=D24 Old Footprint=LED3MM_GREEN New Footprint=LED3MM_GREEN
Change Physical Footprint: Designator=D25 Old Footprint=LED3MM_GREEN New Footprint=LED3MM_GREEN
Change Physical Footprint: Designator=D26 Old Footprint=LED3MM_GREEN New Footprint=LED3MM_GREEN
Change Physical Footprint: Designator=D27 Old Footprint=LED3MM_GREEN New Footprint=LED3MM_GREEN
Change Physical Footprint: Designator=D28 Old Footprint=LED3MM_GREEN New Footprint=LED3MM_GREEN
Change Physical Footprint: Designator=D29 Old Footprint=LED3MM_GREEN New Footprint=LED3MM_GREEN
Change Physical Footprint: Designator=D30 Old Footprint=LED3MM_RED New Footprint=LED3MM_RED
Change Physical Footprint: Designator=D31 Old Footprint=LED3MM_RED New Footprint=LED3MM_RED
Change Physical Footprint: Designator=D32 Old Footprint=SMB_FLAT New Footprint=SMB_FLAT
Change Physical Footprint: Designator=D33 Old Footprint=SMB_FLAT New Footprint=SMB_FLAT
Change Physical Footprint: Designator=D34 Old Footprint=SOD323 New Footprint=SOD323
Change Physical Footprint: Designator=FB1 Old Footprint=0402_ New Footprint=0402_
Change Physical Footprint: Designator=J1 Old Footprint=MOLEX53047-0410 New Footprint=MOLEX53047-0410
Change Physical Footprint: Designator=J2 Old Footprint=MOLEX53047-0410 New Footprint=MOLEX53047-0410
Change Physical Footprint: Designator=J3 Old Footprint=MOLEX53047-0410 New Footprint=MOLEX53047-0410
Change Physical Footprint: Designator=J4 Old Footprint=MOLEX53047-0410 New Footprint=MOLEX53047-0410
Change Physical Footprint: Designator=J5 Old Footprint=MOLEX53047-0410 New Footprint=MOLEX53047-0410
Change Physical Footprint: Designator=J6 Old Footprint=MOLEX53047-0410 New Footprint=MOLEX53047-0410
Change Physical Footprint: Designator=J7 Old Footprint=MOLEX53047-0410 New Footprint=MOLEX53047-0410
Change Physical Footprint: Designator=J8 Old Footprint=HDR1X5 New Footprint=HDR1X5
Change Physical Footprint: Designator=J9 Old Footprint=header2x10 New Footprint=header2x10
Change Physical Footprint: Designator=L1 Old Footprint=SRN6028 New Footprint=SRN6028
Change Physical Footprint: Designator=L2 Old Footprint=0805_ New Footprint=0805_
Change Physical Footprint: Designator=R1 Old Footprint=0402_ New Footprint=0402_
Change Physical Footprint: Designator=R2 Old Footprint=0402_ New Footprint=0402_
Change Physical Footprint: Designator=R3 Old Footprint=0402_ New Footprint=0402_
Change Physical Footprint: Designator=R4 Old Footprint=0402_ New Footprint=0402_
Change Physical Footprint: Designator=R5 Old Footprint=0402_ New Footprint=0402_
Change Physical Footprint: Designator=R6 Old Footprint=0402_ New Footprint=0402_
Change Physical Footprint: Designator=R7 Old Footprint=0402_ New Footprint=0402_
Change Physical Footprint: Designator=R8 Old Footprint=0402_ New Footprint=0402_
Change Physical Footprint: Designator=R9 Old Footprint=0402_ New Footprint=0402_
Change Physical Footprint: Designator=R10 Old Footprint=0402_ New Footprint=0402_
Change Physical Footprint: Designator=R11 Old Footprint=0402_ New Footprint=0402_
Change Physical Footprint: Designator=R12 Old Footprint=0402_ New Footprint=0402_
Change Physical Footprint: Designator=R13 Old Footprint=0402_ New Footprint=0402_
Change Physical Footprint: Designator=R14 Old Footprint=0402_ New Footprint=0402_
Change Physical Footprint: Designator=R15 Old Footprint=0402_ New Footprint=0402_
Change Physical Footprint: Designator=R16 Old Footprint=0402_ New Footprint=0402_
Change Physical Footprint: Designator=R17 Old Footprint=0402_ New Footprint=0402_
Change Physical Footprint: Designator=R18 Old Footprint=0402_ New Footprint=0402_
Change Physical Footprint: Designator=R19 Old Footprint=0402_ New Footprint=0402_
Change Physical Footprint: Designator=R20 Old Footprint=0402_ New Footprint=0402_
Change Physical Footprint: Designator=R21 Old Footprint=0402_ New Footprint=0402_
Change Physical Footprint: Designator=R22 Old Footprint=0402_ New Footprint=0402_
Change Physical Footprint: Designator=R23 Old Footprint=0402_ New Footprint=0402_
Change Physical Footprint: Designator=R24 Old Footprint=0402_ New Footprint=0402_
Change Physical Footprint: Designator=R25 Old Footprint=0402_ New Footprint=0402_
Change Physical Footprint: Designator=R26 Old Footprint=0402_ New Footprint=0402_
Change Physical Footprint: Designator=R27 Old Footprint=0402_ New Footprint=0402_
Change Physical Footprint: Designator=R28 Old Footprint=0402_ New Footprint=0402_
Change Physical Footprint: Designator=R29 Old Footprint=0402_ New Footprint=0402_
Change Physical Footprint: Designator=R30 Old Footprint=0402_ New Footprint=0402_
Change Physical Footprint: Designator=SW1 Old Footprint=microswitch_PTS810 New Footprint=microswitch_PTS810
Change Physical Footprint: Designator=U1 Old Footprint=TDSR1350 New Footprint=TDSR1350
Change Physical Footprint: Designator=U2 Old Footprint=LQFP64 New Footprint=LQFP64
Change Physical Footprint: Designator=U3 Old Footprint=HTSSOP28 New Footprint=HTSSOP28
Change Physical Footprint: Designator=U4 Old Footprint=soic8 New Footprint=soic8
Change Physical Footprint: Designator=U5 Old Footprint=USON_8L New Footprint=USON_8L
Change Physical Footprint: Designator=U6 Old Footprint=HTSSOP28 New Footprint=HTSSOP28
Change Physical Footprint: Designator=U7 Old Footprint=HTSSOP28 New Footprint=HTSSOP28
Change Physical Footprint: Designator=U8 Old Footprint=SOIC16 New Footprint=SOIC16
Change Physical Footprint: Designator=U9 Old Footprint=SOIC16 New Footprint=SOIC16
Change Physical Footprint: Designator=U10 Old Footprint=SOIC16 New Footprint=SOIC16
Change Physical Footprint: Designator=X1 Old Footprint=FA_128 New Footprint=FA_128
