Removed Pin From Net: NetName=MEM_C\E\ Pin=U2-20
Removed Pin From Net: NetName=MEM_CLK Pin=U2-21
Removed Pin From Net: NetName=MEM_MISO Pin=U2-22
Removed Pin From Net: NetName=MEM_MOSI Pin=U2-23
Change component parameters (AddParameter): Name = "Digikey ref"; Value = "568-10954-1-ND"; VariantName = "[No Variations]"
Change component parameters (AddParameter): Name = "Farnell ref"; Value = "*"; VariantName = "[No Variations]"
Change component parameters (AddParameter): Name = "Manufacturer"; Value = "NXP"; VariantName = "[No Variations]"
Change component parameters (AddParameter): Name = "Manufacturer PartNum"; Value = "PCA9952TW/Q900,118"; VariantName = "[No Variations]"
Change component parameters (AddParameter): Name = "status"; Value = "*"; VariantName = "[No Variations]"
Change component parameters. Clean all parameters for all variants
Change component parameters (AddParameter): Name = "Digikey ref"; Value = "568-10954-1-ND"; VariantName = "[No Variations]"
Change component parameters (AddParameter): Name = "Farnell ref"; Value = "*"; VariantName = "[No Variations]"
Change component parameters (AddParameter): Name = "Manufacturer"; Value = "NXP"; VariantName = "[No Variations]"
Change component parameters (AddParameter): Name = "Manufacturer PartNum"; Value = "PCA9952TW/Q900,118"; VariantName = "[No Variations]"
Change component parameters (AddParameter): Name = "status"; Value = "*"; VariantName = "[No Variations]"
Change component parameters (AddParameter): Name = "Digikey ref"; Value = "568-10954-1-ND"; VariantName = "[No Variations]"
Change component parameters (AddParameter): Name = "Farnell ref"; Value = "*"; VariantName = "[No Variations]"
Change component parameters (AddParameter): Name = "Manufacturer"; Value = "NXP"; VariantName = "[No Variations]"
Change component parameters (AddParameter): Name = "Manufacturer PartNum"; Value = "PCA9952TW/Q900,118"; VariantName = "[No Variations]"
Change component parameters (AddParameter): Name = "status"; Value = "*"; VariantName = "[No Variations]"
Change component parameters. Clean all parameters for all variants
Change component parameters (AddParameter): Name = "Digikey ref"; Value = "568-10954-1-ND"; VariantName = "[No Variations]"
Change component parameters (AddParameter): Name = "Farnell ref"; Value = "*"; VariantName = "[No Variations]"
Change component parameters (AddParameter): Name = "Manufacturer"; Value = "NXP"; VariantName = "[No Variations]"
Change component parameters (AddParameter): Name = "Manufacturer PartNum"; Value = "PCA9952TW/Q900,118"; VariantName = "[No Variations]"
Change component parameters (AddParameter): Name = "status"; Value = "*"; VariantName = "[No Variations]"
Change component parameters (AddParameter): Name = "Digikey ref"; Value = "568-10954-1-ND"; VariantName = "[No Variations]"
Change component parameters (AddParameter): Name = "Farnell ref"; Value = "*"; VariantName = "[No Variations]"
Change component parameters (AddParameter): Name = "Manufacturer"; Value = "NXP"; VariantName = "[No Variations]"
Change component parameters (AddParameter): Name = "Manufacturer PartNum"; Value = "PCA9952TW/Q900,118"; VariantName = "[No Variations]"
Change component parameters (AddParameter): Name = "status"; Value = "*"; VariantName = "[No Variations]"
Change component parameters. Clean all parameters for all variants
Change component parameters (AddParameter): Name = "Digikey ref"; Value = "568-10954-1-ND"; VariantName = "[No Variations]"
Change component parameters (AddParameter): Name = "Farnell ref"; Value = "*"; VariantName = "[No Variations]"
Change component parameters (AddParameter): Name = "Manufacturer"; Value = "NXP"; VariantName = "[No Variations]"
Change component parameters (AddParameter): Name = "Manufacturer PartNum"; Value = "PCA9952TW/Q900,118"; VariantName = "[No Variations]"
Change component parameters (AddParameter): Name = "status"; Value = "*"; VariantName = "[No Variations]"
Added Pin To Net: NetName=MEM_CLK Pin=U2-51
Added Pin To Net: NetName=MEM_MISO Pin=U2-52
Added Pin To Net: NetName=MEM_MOSI Pin=U2-53
