Added Component: Designator=TP4(TP_PogoPin)
Add component. Clean all parameters for all variants
Added Component: Designator=TP5(TP_PogoPin)
Add component. Clean all parameters for all variants
Added Component: Designator=TP6(TP_PogoPin)
Add component. Clean all parameters for all variants
Added Component: Designator=TP7(TP_PogoPin)
Add component. Clean all parameters for all variants
Added Pin To Net: NetName=NetTP4_1 Pin=TP4-1
Added Pin To Net: NetName=NetTP4_1 Pin=U3-6
Added Net: Name=NetTP4_1
Added Pin To Net: NetName=NetTP5_1 Pin=TP5-1
Added Pin To Net: NetName=NetTP5_1 Pin=U3-7
Added Net: Name=NetTP5_1
Added Pin To Net: NetName=NetTP6_1 Pin=TP6-1
Added Pin To Net: NetName=NetTP6_1 Pin=U7-13
Added Net: Name=NetTP6_1
Added Pin To Net: NetName=NetTP7_1 Pin=TP7-1
Added Pin To Net: NetName=NetTP7_1 Pin=U7-14
Added Net: Name=NetTP7_1
Added Member To Class: ClassName=U_MCU Member=Component TP4 TP
Added Member To Class: ClassName=U_MCU Member=Component TP5 TP
Added Member To Class: ClassName=U_LEDs Member=Component TP6 TP
Added Member To Class: ClassName=U_LEDs Member=Component TP7 TP
