Removed Pin From Net: NetName=MODED0 Pin=J2-2
Removed Pin From Net: NetName=MODED1 Pin=J2-3
Removed Pin From Net: NetName=MODED0 Pin=R2-1
Removed Pin From Net: NetName=MODED1 Pin=R3-1
Removed Pin From Net: NetName=BUT_SP Pin=U2-8
Removed Pin From Net: NetName=BUT_ST Pin=U2-9
Removed Pin From Net: NetName=BUT_N Pin=U2-10
Removed Pin From Net: NetName=PAL_D Pin=U2-11
Removed Pin From Net: NetName=V_REG Pin=U2-27
Removed Pin From Net: NetName=PAL_G Pin=U2-41
Change component parameters (AddParameter): Name = "Digikey ref"; Value = "568-10954-1-ND"; VariantName = "[No Variations]"
Change component parameters (AddParameter): Name = "Farnell ref"; Value = "*"; VariantName = "[No Variations]"
Change component parameters (AddParameter): Name = "Manufacturer"; Value = "NXP"; VariantName = "[No Variations]"
Change component parameters (AddParameter): Name = "Manufacturer PartNum"; Value = "PCA9952TW/Q900,118"; VariantName = "[No Variations]"
Change component parameters (AddParameter): Name = "status"; Value = "*"; VariantName = "[No Variations]"
Change component parameters. Clean all parameters for all variants
Change component parameters (AddParameter): Name = "Digikey ref"; Value = "568-10954-1-ND"; VariantName = "[No Variations]"
Change component parameters (AddParameter): Name = "Farnell ref"; Value = "*"; VariantName = "[No Variations]"
Change component parameters (AddParameter): Name = "Manufacturer"; Value = "NXP"; VariantName = "[No Variations]"
Change component parameters (AddParameter): Name = "Manufacturer PartNum"; Value = "PCA9952TW/Q900,118"; VariantName = "[No Variations]"
Change component parameters (AddParameter): Name = "status"; Value = "*"; VariantName = "[No Variations]"
Change component parameters (AddParameter): Name = "Digikey ref"; Value = "568-10954-1-ND"; VariantName = "[No Variations]"
Change component parameters (AddParameter): Name = "Farnell ref"; Value = "*"; VariantName = "[No Variations]"
Change component parameters (AddParameter): Name = "Manufacturer"; Value = "NXP"; VariantName = "[No Variations]"
Change component parameters (AddParameter): Name = "Manufacturer PartNum"; Value = "PCA9952TW/Q900,118"; VariantName = "[No Variations]"
Change component parameters (AddParameter): Name = "status"; Value = "*"; VariantName = "[No Variations]"
Change component parameters. Clean all parameters for all variants
Change component parameters (AddParameter): Name = "Digikey ref"; Value = "568-10954-1-ND"; VariantName = "[No Variations]"
Change component parameters (AddParameter): Name = "Farnell ref"; Value = "*"; VariantName = "[No Variations]"
Change component parameters (AddParameter): Name = "Manufacturer"; Value = "NXP"; VariantName = "[No Variations]"
Change component parameters (AddParameter): Name = "Manufacturer PartNum"; Value = "PCA9952TW/Q900,118"; VariantName = "[No Variations]"
Change component parameters (AddParameter): Name = "status"; Value = "*"; VariantName = "[No Variations]"
Change component parameters (AddParameter): Name = "Digikey ref"; Value = "568-10954-1-ND"; VariantName = "[No Variations]"
Change component parameters (AddParameter): Name = "Farnell ref"; Value = "*"; VariantName = "[No Variations]"
Change component parameters (AddParameter): Name = "Manufacturer"; Value = "NXP"; VariantName = "[No Variations]"
Change component parameters (AddParameter): Name = "Manufacturer PartNum"; Value = "PCA9952TW/Q900,118"; VariantName = "[No Variations]"
Change component parameters (AddParameter): Name = "status"; Value = "*"; VariantName = "[No Variations]"
Change component parameters. Clean all parameters for all variants
Change component parameters (AddParameter): Name = "Digikey ref"; Value = "568-10954-1-ND"; VariantName = "[No Variations]"
Change component parameters (AddParameter): Name = "Farnell ref"; Value = "*"; VariantName = "[No Variations]"
Change component parameters (AddParameter): Name = "Manufacturer"; Value = "NXP"; VariantName = "[No Variations]"
Change component parameters (AddParameter): Name = "Manufacturer PartNum"; Value = "PCA9952TW/Q900,118"; VariantName = "[No Variations]"
Change component parameters (AddParameter): Name = "status"; Value = "*"; VariantName = "[No Variations]"
Add component (AddParameter): Name = "Digikey ref"; Value = "311-330JRCT-ND"; VariantName = "[No Variations]"
Add component (AddParameter): Name = "Farnell ref"; Value = ""; VariantName = "[No Variations]"
Add component (AddParameter): Name = "Manufacturer"; Value = "Yageo"; VariantName = "[No Variations]"
Add component (AddParameter): Name = "Manufacturer PartNum"; Value = "RC0402JR-07330RL"; VariantName = "[No Variations]"
Add component (AddParameter): Name = "status"; Value = ""; VariantName = "[No Variations]"
Add component (AddParameter): Name = "value"; Value = "330R"; VariantName = "[No Variations]"
Added Component: Designator=R21(0402_)
Add component. Clean all parameters for all variants
Add component (AddParameter): Name = "Digikey ref"; Value = "311-330JRCT-ND"; VariantName = "[No Variations]"
Add component (AddParameter): Name = "Farnell ref"; Value = ""; VariantName = "[No Variations]"
Add component (AddParameter): Name = "Manufacturer"; Value = "Yageo"; VariantName = "[No Variations]"
Add component (AddParameter): Name = "Manufacturer PartNum"; Value = "RC0402JR-07330RL"; VariantName = "[No Variations]"
Add component (AddParameter): Name = "status"; Value = ""; VariantName = "[No Variations]"
Add component (AddParameter): Name = "value"; Value = "330R"; VariantName = "[No Variations]"
Add component (AddParameter): Name = "Digikey ref"; Value = "311-330JRCT-ND"; VariantName = "[No Variations]"
Add component (AddParameter): Name = "Farnell ref"; Value = ""; VariantName = "[No Variations]"
Add component (AddParameter): Name = "Manufacturer"; Value = "Yageo"; VariantName = "[No Variations]"
Add component (AddParameter): Name = "Manufacturer PartNum"; Value = "RC0402JR-07330RL"; VariantName = "[No Variations]"
Add component (AddParameter): Name = "status"; Value = ""; VariantName = "[No Variations]"
Add component (AddParameter): Name = "value"; Value = "330R"; VariantName = "[No Variations]"
Added Component: Designator=R22(0402_)
Add component. Clean all parameters for all variants
Add component (AddParameter): Name = "Digikey ref"; Value = "311-330JRCT-ND"; VariantName = "[No Variations]"
Add component (AddParameter): Name = "Farnell ref"; Value = ""; VariantName = "[No Variations]"
Add component (AddParameter): Name = "Manufacturer"; Value = "Yageo"; VariantName = "[No Variations]"
Add component (AddParameter): Name = "Manufacturer PartNum"; Value = "RC0402JR-07330RL"; VariantName = "[No Variations]"
Add component (AddParameter): Name = "status"; Value = ""; VariantName = "[No Variations]"
Add component (AddParameter): Name = "value"; Value = "330R"; VariantName = "[No Variations]"
Add component (AddParameter): Name = "Digikey ref"; Value = "311-330JRCT-ND"; VariantName = "[No Variations]"
Add component (AddParameter): Name = "Farnell ref"; Value = ""; VariantName = "[No Variations]"
Add component (AddParameter): Name = "Manufacturer"; Value = "Yageo"; VariantName = "[No Variations]"
Add component (AddParameter): Name = "Manufacturer PartNum"; Value = "RC0402JR-07330RL"; VariantName = "[No Variations]"
Add component (AddParameter): Name = "status"; Value = ""; VariantName = "[No Variations]"
Add component (AddParameter): Name = "value"; Value = "330R"; VariantName = "[No Variations]"
Added Component: Designator=R23(0402_)
Add component. Clean all parameters for all variants
Add component (AddParameter): Name = "Digikey ref"; Value = "311-330JRCT-ND"; VariantName = "[No Variations]"
Add component (AddParameter): Name = "Farnell ref"; Value = ""; VariantName = "[No Variations]"
Add component (AddParameter): Name = "Manufacturer"; Value = "Yageo"; VariantName = "[No Variations]"
Add component (AddParameter): Name = "Manufacturer PartNum"; Value = "RC0402JR-07330RL"; VariantName = "[No Variations]"
Add component (AddParameter): Name = "status"; Value = ""; VariantName = "[No Variations]"
Add component (AddParameter): Name = "value"; Value = "330R"; VariantName = "[No Variations]"
Add component (AddParameter): Name = "Digikey ref"; Value = "311-330JRCT-ND"; VariantName = "[No Variations]"
Add component (AddParameter): Name = "Farnell ref"; Value = ""; VariantName = "[No Variations]"
Add component (AddParameter): Name = "Manufacturer"; Value = "Yageo"; VariantName = "[No Variations]"
Add component (AddParameter): Name = "Manufacturer PartNum"; Value = "RC0402JR-07330RL"; VariantName = "[No Variations]"
Add component (AddParameter): Name = "status"; Value = ""; VariantName = "[No Variations]"
Add component (AddParameter): Name = "value"; Value = "330R"; VariantName = "[No Variations]"
Added Component: Designator=R24(0402_)
Add component. Clean all parameters for all variants
Add component (AddParameter): Name = "Digikey ref"; Value = "311-330JRCT-ND"; VariantName = "[No Variations]"
Add component (AddParameter): Name = "Farnell ref"; Value = ""; VariantName = "[No Variations]"
Add component (AddParameter): Name = "Manufacturer"; Value = "Yageo"; VariantName = "[No Variations]"
Add component (AddParameter): Name = "Manufacturer PartNum"; Value = "RC0402JR-07330RL"; VariantName = "[No Variations]"
Add component (AddParameter): Name = "status"; Value = ""; VariantName = "[No Variations]"
Add component (AddParameter): Name = "value"; Value = "330R"; VariantName = "[No Variations]"
Add component (AddParameter): Name = "Digikey ref"; Value = "311-330JRCT-ND"; VariantName = "[No Variations]"
Add component (AddParameter): Name = "Farnell ref"; Value = ""; VariantName = "[No Variations]"
Add component (AddParameter): Name = "Manufacturer"; Value = "Yageo"; VariantName = "[No Variations]"
Add component (AddParameter): Name = "Manufacturer PartNum"; Value = "RC0402JR-07330RL"; VariantName = "[No Variations]"
Add component (AddParameter): Name = "status"; Value = ""; VariantName = "[No Variations]"
Add component (AddParameter): Name = "value"; Value = "330R"; VariantName = "[No Variations]"
Added Component: Designator=R25(0402_)
Add component. Clean all parameters for all variants
Add component (AddParameter): Name = "Digikey ref"; Value = "311-330JRCT-ND"; VariantName = "[No Variations]"
Add component (AddParameter): Name = "Farnell ref"; Value = ""; VariantName = "[No Variations]"
Add component (AddParameter): Name = "Manufacturer"; Value = "Yageo"; VariantName = "[No Variations]"
Add component (AddParameter): Name = "Manufacturer PartNum"; Value = "RC0402JR-07330RL"; VariantName = "[No Variations]"
Add component (AddParameter): Name = "status"; Value = ""; VariantName = "[No Variations]"
Add component (AddParameter): Name = "value"; Value = "330R"; VariantName = "[No Variations]"
Add component (AddParameter): Name = "Digikey ref"; Value = "311-330JRCT-ND"; VariantName = "[No Variations]"
Add component (AddParameter): Name = "Farnell ref"; Value = ""; VariantName = "[No Variations]"
Add component (AddParameter): Name = "Manufacturer"; Value = "Yageo"; VariantName = "[No Variations]"
Add component (AddParameter): Name = "Manufacturer PartNum"; Value = "RC0402JR-07330RL"; VariantName = "[No Variations]"
Add component (AddParameter): Name = "status"; Value = ""; VariantName = "[No Variations]"
Add component (AddParameter): Name = "value"; Value = "330R"; VariantName = "[No Variations]"
Added Component: Designator=R26(0402_)
Add component. Clean all parameters for all variants
Add component (AddParameter): Name = "Digikey ref"; Value = "311-330JRCT-ND"; VariantName = "[No Variations]"
Add component (AddParameter): Name = "Farnell ref"; Value = ""; VariantName = "[No Variations]"
Add component (AddParameter): Name = "Manufacturer"; Value = "Yageo"; VariantName = "[No Variations]"
Add component (AddParameter): Name = "Manufacturer PartNum"; Value = "RC0402JR-07330RL"; VariantName = "[No Variations]"
Add component (AddParameter): Name = "status"; Value = ""; VariantName = "[No Variations]"
Add component (AddParameter): Name = "value"; Value = "330R"; VariantName = "[No Variations]"
Add component (AddParameter): Name = "Digikey ref"; Value = "311-330JRCT-ND"; VariantName = "[No Variations]"
Add component (AddParameter): Name = "Farnell ref"; Value = ""; VariantName = "[No Variations]"
Add component (AddParameter): Name = "Manufacturer"; Value = "Yageo"; VariantName = "[No Variations]"
Add component (AddParameter): Name = "Manufacturer PartNum"; Value = "RC0402JR-07330RL"; VariantName = "[No Variations]"
Add component (AddParameter): Name = "status"; Value = ""; VariantName = "[No Variations]"
Add component (AddParameter): Name = "value"; Value = "330R"; VariantName = "[No Variations]"
Added Component: Designator=R27(0402_)
Add component. Clean all parameters for all variants
Add component (AddParameter): Name = "Digikey ref"; Value = "311-330JRCT-ND"; VariantName = "[No Variations]"
Add component (AddParameter): Name = "Farnell ref"; Value = ""; VariantName = "[No Variations]"
Add component (AddParameter): Name = "Manufacturer"; Value = "Yageo"; VariantName = "[No Variations]"
Add component (AddParameter): Name = "Manufacturer PartNum"; Value = "RC0402JR-07330RL"; VariantName = "[No Variations]"
Add component (AddParameter): Name = "status"; Value = ""; VariantName = "[No Variations]"
Add component (AddParameter): Name = "value"; Value = "330R"; VariantName = "[No Variations]"
Add component (AddParameter): Name = "Digikey ref"; Value = "311-330JRCT-ND"; VariantName = "[No Variations]"
Add component (AddParameter): Name = "Farnell ref"; Value = ""; VariantName = "[No Variations]"
Add component (AddParameter): Name = "Manufacturer"; Value = "Yageo"; VariantName = "[No Variations]"
Add component (AddParameter): Name = "Manufacturer PartNum"; Value = "RC0402JR-07330RL"; VariantName = "[No Variations]"
Add component (AddParameter): Name = "status"; Value = ""; VariantName = "[No Variations]"
Add component (AddParameter): Name = "value"; Value = "330R"; VariantName = "[No Variations]"
Added Component: Designator=R28(0402_)
Add component. Clean all parameters for all variants
Add component (AddParameter): Name = "Digikey ref"; Value = "311-330JRCT-ND"; VariantName = "[No Variations]"
Add component (AddParameter): Name = "Farnell ref"; Value = ""; VariantName = "[No Variations]"
Add component (AddParameter): Name = "Manufacturer"; Value = "Yageo"; VariantName = "[No Variations]"
Add component (AddParameter): Name = "Manufacturer PartNum"; Value = "RC0402JR-07330RL"; VariantName = "[No Variations]"
Add component (AddParameter): Name = "status"; Value = ""; VariantName = "[No Variations]"
Add component (AddParameter): Name = "value"; Value = "330R"; VariantName = "[No Variations]"
Added Pin To Net: NetName=PAL_G Pin=R21-1
Added Pin To Net: NetName=V_REG Pin=R22-2
Added Pin To Net: NetName=MODED0 Pin=R23-2
Added Pin To Net: NetName=MODED1 Pin=R24-2
Added Pin To Net: NetName=BUT_SP Pin=R25-1
Added Pin To Net: NetName=BUT_ST Pin=R26-1
Added Pin To Net: NetName=BUT_N Pin=R27-1
Added Pin To Net: NetName=PAL_D Pin=R28-1
Change Net Name : Old Net Name=BUT_N New Net Name=NetJ6_2
Change Net Name : Old Net Name=BUT_SP New Net Name=NetJ1_2
Change Net Name : Old Net Name=BUT_ST New Net Name=NetJ4_2
Change Net Name : Old Net Name=PAL_D New Net Name=NetJ7_2
Change Net Name : Old Net Name=PAL_G New Net Name=NetJ5_2
Change Net Name : Old Net Name=V_REG New Net Name=NetC1_1
Added Pin To Net: NetName=BUT_N Pin=R27-2
Added Pin To Net: NetName=BUT_N Pin=U2-10
Added Net: Name=BUT_N
Added Pin To Net: NetName=BUT_SP Pin=R25-2
Added Pin To Net: NetName=BUT_SP Pin=U2-8
Added Net: Name=BUT_SP
Added Pin To Net: NetName=BUT_ST Pin=R26-2
Added Pin To Net: NetName=BUT_ST Pin=U2-9
Added Net: Name=BUT_ST
Added Pin To Net: NetName=NetJ2_2 Pin=J2-2
Added Pin To Net: NetName=NetJ2_2 Pin=R2-1
Added Pin To Net: NetName=NetJ2_2 Pin=R23-1
Added Net: Name=NetJ2_2
Added Pin To Net: NetName=NetJ2_3 Pin=J2-3
Added Pin To Net: NetName=NetJ2_3 Pin=R3-1
Added Pin To Net: NetName=NetJ2_3 Pin=R24-1
Added Net: Name=NetJ2_3
Added Pin To Net: NetName=PAL_d Pin=R28-2
Added Pin To Net: NetName=PAL_d Pin=U2-11
Added Net: Name=PAL_d
Added Pin To Net: NetName=PAL_g Pin=R21-2
Added Pin To Net: NetName=PAL_g Pin=U2-41
Added Net: Name=PAL_g
Added Pin To Net: NetName=V_reg Pin=R22-1
Added Pin To Net: NetName=V_reg Pin=U2-27
Added Net: Name=V_reg
Added Member To Class: ClassName=U_MCU Member=Component R21 330R
Added Member To Class: ClassName=U_MCU Member=Component R22 330R
Added Member To Class: ClassName=U_MCU Member=Component R23 330R
Added Member To Class: ClassName=U_MCU Member=Component R24 330R
Added Member To Class: ClassName=U_MCU Member=Component R25 330R
Added Member To Class: ClassName=U_MCU Member=Component R26 330R
Added Member To Class: ClassName=U_MCU Member=Component R27 330R
Added Member To Class: ClassName=U_MCU Member=Component R28 330R
