Added Parameter Manufacturer= to Part C11
Added Parameter Manufacturer= to Part C12
Added Parameter Manufacturer= to Part C16
Added Parameter Manufacturer= to Part C30
Added Parameter Manufacturer= to Part FB1
Added Parameter Manufacturer= to Part J8
Added Parameter Manufacturer= to Part J9
Added Parameter Manufacturer= to Part R5
Added Parameter Manufacturer= to Part R10
Added Parameter Manufacturer= to Part R31
Added Parameter Manufacturer= to Part R32
Added Parameter Manufacturer= to Part R33
Added Parameter Manufacturer= to Part R34
Added Parameter Manufacturer= to Part R35
Added Parameter Manufacturer= to Part R36
Added Parameter Manufacturer= to Part R37
Added Parameter Manufacturer= to Part R38
Added Parameter Manufacturer= to Part R39
Added Parameter Manufacturer= to Part R40
Added Parameter Manufacturer= to Part R41
Added Parameter Manufacturer= to Part R42
Added Parameter Manufacturer= to Part R43
Added Parameter Manufacturer= to Part R44
Added Parameter Manufacturer= to Part R45
Added Parameter Manufacturer= to Part SW1
Added Parameter Manufacturer= to Part TP1
Added Parameter Manufacturer= to Part TP2
Added Parameter Manufacturer= to Part TP3
Added Parameter Manufacturer= to Part TP4
Added Parameter Manufacturer= to Part TP5
Added Parameter Manufacturer= to Part U2
Added Parameter Manufacturer= to Part U2
Added Parameter Manufacturer= to Part U11
Added Parameter Manufacturer PartNum= to Part C11
Added Parameter Manufacturer PartNum= to Part C12
Added Parameter Manufacturer PartNum= to Part C16
Added Parameter Manufacturer PartNum= to Part C30
Added Parameter Manufacturer PartNum= to Part FB1
Added Parameter Manufacturer PartNum= to Part J8
Added Parameter Manufacturer PartNum= to Part J9
Added Parameter Manufacturer PartNum= to Part R5
Added Parameter Manufacturer PartNum= to Part R10
Added Parameter Manufacturer PartNum= to Part R31
Added Parameter Manufacturer PartNum= to Part R32
Added Parameter Manufacturer PartNum= to Part R33
Added Parameter Manufacturer PartNum= to Part R34
Added Parameter Manufacturer PartNum= to Part R35
Added Parameter Manufacturer PartNum= to Part R36
Added Parameter Manufacturer PartNum= to Part R37
Added Parameter Manufacturer PartNum= to Part R38
Added Parameter Manufacturer PartNum= to Part R39
Added Parameter Manufacturer PartNum= to Part R40
Added Parameter Manufacturer PartNum= to Part R41
Added Parameter Manufacturer PartNum= to Part R42
Added Parameter Manufacturer PartNum= to Part R43
Added Parameter Manufacturer PartNum= to Part R44
Added Parameter Manufacturer PartNum= to Part R45
Added Parameter Manufacturer PartNum= to Part SW1
Added Parameter Manufacturer PartNum= to Part TP1
Added Parameter Manufacturer PartNum= to Part TP2
Added Parameter Manufacturer PartNum= to Part TP3
Added Parameter Manufacturer PartNum= to Part TP4
Added Parameter Manufacturer PartNum= to Part TP5
Added Parameter Manufacturer PartNum= to Part U2
Added Parameter Manufacturer PartNum= to Part U2
Added Parameter Manufacturer PartNum= to Part U11
