Change Component Designator: Old Designator=C6 New Designator=C1
Change Component Designator: Old Designator=C7 New Designator=C6
Change Component Designator: Old Designator=C8 New Designator=C2
Change Component Designator: Old Designator=C9 New Designator=C3
Change Component Designator: Old Designator=C10 New Designator=C4
Change Component Designator: Old Designator=C11 New Designator=C5
Change Component Designator: Old Designator=C12 New Designator=C7
Change Component Designator: Old Designator=C13 New Designator=C8
Change Component Designator: Old Designator=C14 New Designator=C9
Change Component Designator: Old Designator=C15 New Designator=C10
Change Component Designator: Old Designator=C23 New Designator=C13
Change Component Designator: Old Designator=C24 New Designator=C14
Change Component Designator: Old Designator=C26 New Designator=C16
Change Component Designator: Old Designator=C27 New Designator=C11
Change Component Designator: Old Designator=C28 New Designator=C12
Change Component Designator: Old Designator=C29 New Designator=C15
Change Component Designator: Old Designator=D5 New Designator=D1
Change Component Designator: Old Designator=D6 New Designator=D2
Change Component Designator: Old Designator=D7 New Designator=D3
Change Component Designator: Old Designator=D8 New Designator=D4
Change Component Designator: Old Designator=D9 New Designator=D7
Change Component Designator: Old Designator=D10 New Designator=D8
Change Component Designator: Old Designator=D11 New Designator=D9
Change Component Designator: Old Designator=D12 New Designator=D10
Change Component Designator: Old Designator=D14 New Designator=D13
Change Component Designator: Old Designator=D15 New Designator=D14
Change Component Designator: Old Designator=D88 New Designator=D5
Change Component Designator: Old Designator=D89 New Designator=D6
Change Component Designator: Old Designator=D90 New Designator=D11
Change Component Designator: Old Designator=D91 New Designator=D12
Change Component Designator: Old Designator=D92 New Designator=D15
Change Component Designator: Old Designator=D141 New Designator=D16
Change Component Designator: Old Designator=D142 New Designator=D17
Change Component Designator: Old Designator=P6 New Designator=P1
Change Component Designator: Old Designator=P7 New Designator=P2
Change Component Designator: Old Designator=P8 New Designator=P3
Change Component Designator: Old Designator=R10 New Designator=R5
Change Component Designator: Old Designator=R11 New Designator=R10
Change Component Designator: Old Designator=R12 New Designator=R1
Change Component Designator: Old Designator=R13 New Designator=R2
Change Component Designator: Old Designator=R14 New Designator=R3
Change Component Designator: Old Designator=R15 New Designator=R4
Change Component Designator: Old Designator=R16 New Designator=R6
Change Component Designator: Old Designator=R17 New Designator=R7
Change Component Designator: Old Designator=R18 New Designator=R8
Change Component Designator: Old Designator=R19 New Designator=R9
Change Component Designator: Old Designator=R34 New Designator=R14
Change Component Designator: Old Designator=R35 New Designator=R11
Change Component Designator: Old Designator=R36 New Designator=R12
Change Component Designator: Old Designator=R37 New Designator=R13
Change Component Designator: Old Designator=R353 New Designator=R15
Change Component Designator: Old Designator=U23 New Designator=U3
Change Component Designator: Old Designator=U24 New Designator=U4
Change Component Designator: Old Designator=U121 New Designator=U1
Change Component Designator: Old Designator=U122 New Designator=U2
