Change Value of Parameter Digikey ref in Part R32 Old= New=RHM22KKCT-ND 
Change Value of Parameter Digikey ref in Part R38 Old= New=RHM22KKCT-ND 
Added Parameter Manufacturer=Comchip Tech. to Part D19
Added Parameter Manufacturer=Comchip Tech. to Part D20
Added Parameter Manufacturer=Diodes Inc. to Part U9
Added Parameter Manufacturer=Microchip to Part U15
Added Parameter Manufacturer=On Semi to Part T1
Added Parameter Manufacturer=On Semi to Part T2
Added Parameter Manufacturer=On Semi to Part T3
Added Parameter Manufacturer=On Semi to Part T4
Added Parameter Manufacturer=Rohm Semi to Part R32
Added Parameter Manufacturer=Rohm Semi to Part R38
Added Parameter Manufacturer=Susumu to Part R25
Added Parameter Manufacturer=Susumu to Part R28
Added Parameter Manufacturer=Susumu to Part R33
Added Parameter Manufacturer=Susumu to Part R39
Added Parameter Manufacturer=TDK Corp. to Part C26
Added Parameter Manufacturer=TDK Corp. to Part C27
Added Parameter Manufacturer=TDK Corp. to Part C28
Added Parameter Manufacturer=TDK Corp. to Part C30
Added Parameter Manufacturer=TDK Corp. to Part C31
Added Parameter Manufacturer=TDK Corp. to Part C32
Added Parameter Manufacturer=TDK Corp. to Part C33
Added Parameter Manufacturer=TDK Corp. to Part C34
Added Parameter Manufacturer=TDK Corp. to Part C35
Added Parameter Manufacturer=TDK Corp. to Part C36
Added Parameter Manufacturer=Texas Intruments to Part U7
Added Parameter Manufacturer=Texas Intruments to Part U10
Added Parameter Manufacturer PartNum=74AHC1G32SE-7  to Part U9
Added Parameter Manufacturer PartNum=C1005X5R1E104K050BC to Part C26
Added Parameter Manufacturer PartNum=C1005X5R1E104K050BC to Part C27
Added Parameter Manufacturer PartNum=C1005X5R1E104K050BC to Part C28
Added Parameter Manufacturer PartNum=C1005X5R1E104K050BC to Part C30
Added Parameter Manufacturer PartNum=C1005X5R1E104K050BC to Part C31
Added Parameter Manufacturer PartNum=C1005X5R1E104K050BC to Part C32
Added Parameter Manufacturer PartNum=C1005X5R1E104K050BC to Part C33
Added Parameter Manufacturer PartNum=C1005X5R1E104K050BC to Part C34
Added Parameter Manufacturer PartNum=C1005X5R1E104K050BC to Part C35
Added Parameter Manufacturer PartNum=C1005X5R1E104K050BC to Part C36
Added Parameter Manufacturer PartNum=CDSU4148 to Part D19
Added Parameter Manufacturer PartNum=CDSU4148 to Part D20
Added Parameter Manufacturer PartNum=ESR10EZPJ223 to Part R32
Added Parameter Manufacturer PartNum=ESR10EZPJ223 to Part R38
Added Parameter Manufacturer PartNum=LM5106MM/NOPB  to Part U7
Added Parameter Manufacturer PartNum=LM5106MM/NOPB  to Part U10
Added Parameter Manufacturer PartNum=MCP9501PT-095E/OT to Part U15
Added Parameter Manufacturer PartNum=NTD5867NLT4G to Part T1
Added Parameter Manufacturer PartNum=NTD5867NLT4G to Part T2
Added Parameter Manufacturer PartNum=NTD5867NLT4G to Part T3
Added Parameter Manufacturer PartNum=NTD5867NLT4G to Part T4
Added Parameter Manufacturer PartNum=RR0510P-103-D  to Part R33
Added Parameter Manufacturer PartNum=RR0510P-103-D  to Part R39
Added Parameter Manufacturer PartNum=RR0510P-104-D  to Part R25
Added Parameter Manufacturer PartNum=RR0510P-104-D  to Part R28
