Change Component Designator: Old Designator=C1 New Designator=C24
Change Component Designator: Old Designator=C2 New Designator=C17
Change Component Designator: Old Designator=C3 New Designator=C20
Change Component Designator: Old Designator=C4 New Designator=C18
Change Component Designator: Old Designator=C5 New Designator=C19
Change Component Designator: Old Designator=C18 New Designator=C21
Change Component Designator: Old Designator=C19 New Designator=C22
Change Component Designator: Old Designator=C20 New Designator=C23
Change Component Designator: Old Designator=D1 New Designator=D18
Change Component Designator: Old Designator=D2 New Designator=D19
Change Component Designator: Old Designator=D3 New Designator=D20
Change Component Designator: Old Designator=D4 New Designator=D21
Change Component Designator: Old Designator=P1 New Designator=P6
Change Component Designator: Old Designator=R1 New Designator=R18
Change Component Designator: Old Designator=R2 New Designator=R21
Change Component Designator: Old Designator=R3 New Designator=R25
Change Component Designator: Old Designator=R4 New Designator=R31
Change Component Designator: Old Designator=R5 New Designator=R24
Change Component Designator: Old Designator=R6 New Designator=R30
Change Component Designator: Old Designator=R7 New Designator=R32
Change Component Designator: Old Designator=R20 New Designator=R22
Change Component Designator: Old Designator=R21 New Designator=R28
Change Component Designator: Old Designator=R22 New Designator=R26
Change Component Designator: Old Designator=R23 New Designator=R27
Change Component Designator: Old Designator=R32 New Designator=R23
Change Component Designator: Old Designator=R33 New Designator=R29
Change Component Designator: Old Designator=R35 New Designator=R16
Change Component Designator: Old Designator=R36 New Designator=R17
Change Component Designator: Old Designator=R37 New Designator=R19
Change Component Designator: Old Designator=R38 New Designator=R20
Change Component Designator: Old Designator=U1 New Designator=U5
Change Component Designator: Old Designator=U2 New Designator=U8
Change Component Designator: Old Designator=U3 New Designator=U13
Change Component Designator: Old Designator=U6 New Designator=U10
Change Component Designator: Old Designator=U7 New Designator=U12
Change Component Designator: Old Designator=U8 New Designator=U7
Change Component Designator: Old Designator=U9 New Designator=U6
Change Component Designator: Old Designator=U21 New Designator=U11
Change Component Designator: Old Designator=U37 New Designator=U9
