Removed Pin From Net: NetName=GND Pin=R5-1
Removed Pin From Net: NetName=RELAYOUT1 Pin=R5-2
Added Component: Designator=P6(PHOENIX_PTSA05_20)
Added Component: Designator=R5(0402_)
Added Pin To Net: NetName=GND Pin=P6-1
Added Pin To Net: NetName=VBAT Pin=P6-2
Added Pin To Net: NetName=GND Pin=P6-4
Added Pin To Net: NetName=VBAT Pin=P6-5
Added Pin To Net: NetName=GND Pin=P6-7
Added Pin To Net: NetName=VBAT Pin=P6-8
Added Pin To Net: NetName=GND Pin=P6-10
Added Pin To Net: NetName=VBAT Pin=P6-11
Added Pin To Net: NetName=GND Pin=P6-13
Added Pin To Net: NetName=VBAT Pin=P6-14
Added Pin To Net: NetName=GND Pin=P6-16
Added Pin To Net: NetName=VBAT Pin=P6-17
Added Pin To Net: NetName=GND Pin=P6-19
Added Pin To Net: NetName=VBAT Pin=P6-20
Added Pin To Net: NetName=GND Pin=R5-1
Added Pin To Net: NetName=RELAYOUT1 Pin=R5-2
Added Member To Class: ClassName=PowerUnit Member=Component P6 Header 20
Added Member To Class: ClassName=PowerUnit Member=Component R5 10k
