Removed Pin From Net: NetName=AGND Pin=D5-1
Removed Pin From Net: NetName=AGND Pin=D6-1
Removed Pin From Net: NetName=AGND Pin=D7-1
Removed Pin From Net: NetName=AGND Pin=D8-1
Removed Pin From Net: NetName=AGND Pin=D9-1
Removed Pin From Net: NetName=AGND Pin=D10-1
Removed Pin From Net: NetName=AGND Pin=D11-1
Removed Pin From Net: NetName=AGND Pin=D12-1
Removed Pin From Net: NetName=NetD3_2 Pin=P1-5
Removed Pin From Net: NetName=NetD4_2 Pin=P1-7
Removed Pin From Net: NetName=GND Pin=P6-2
Removed Pin From Net: NetName=GND Pin=P6-5
Removed Pin From Net: NetName=GND Pin=P6-8
Removed Pin From Net: NetName=GND Pin=P6-11
Removed Pin From Net: NetName=GND Pin=P6-14
Removed Pin From Net: NetName=VBAT Pin=P6-15
Removed Pin From Net: NetName=GND Pin=P6-17
Removed Pin From Net: NetName=VBAT Pin=P6-18
Removed Pin From Net: NetName=GND Pin=P6-20
Removed Pin From Net: NetName=VBAT Pin=P6-21
Removed Pin From Net: NetName=RELAYOUT1 Pin=R5-2
Removed Pin From Net: NetName=RELAYOUT2 Pin=R6-2
Removed Pin From Net: NetName=NetD5_2 Pin=R12-1
Removed Pin From Net: NetName=NetD6_2 Pin=R13-1
Removed Pin From Net: NetName=NetD7_2 Pin=R14-1
Removed Pin From Net: NetName=NetD8_2 Pin=R15-1
Removed Pin From Net: NetName=NetD9_2 Pin=R16-1
Removed Pin From Net: NetName=NetD10_2 Pin=R17-1
Removed Pin From Net: NetName=NetD11_2 Pin=R18-1
Removed Pin From Net: NetName=NetD12_2 Pin=R19-1
Removed Pin From Net: NetName=NetD5_2 Pin=U4-1
Removed Pin From Net: NetName=NetD6_2 Pin=U4-3
Removed Pin From Net: NetName=NetD7_2 Pin=U4-5
Removed Pin From Net: NetName=AGND Pin=U4-6
Removed Pin From Net: NetName=NetD8_2 Pin=U4-7
Removed Pin From Net: NetName=AGND Pin=U4-8
Removed Pin From Net: NetName=GND Pin=U4-9
Removed Pin From Net: NetName=NetR8_1 Pin=U4-10
Removed Pin From Net: NetName=GND Pin=U4-11
Removed Pin From Net: NetName=NetR8_2 Pin=U4-12
Removed Pin From Net: NetName=GND Pin=U4-13
Removed Pin From Net: NetName=NetR8_3 Pin=U4-14
Removed Pin From Net: NetName=GND Pin=U4-15
Removed Pin From Net: NetName=NetR8_4 Pin=U4-16
Removed Pin From Net: NetName=NetD9_2 Pin=U5-1
Removed Pin From Net: NetName=NetD10_2 Pin=U5-3
Removed Pin From Net: NetName=NetD11_2 Pin=U5-5
Removed Pin From Net: NetName=AGND Pin=U5-6
Removed Pin From Net: NetName=NetD12_2 Pin=U5-7
Removed Pin From Net: NetName=AGND Pin=U5-8
Removed Pin From Net: NetName=GND Pin=U5-9
Removed Pin From Net: NetName=NetR9_1 Pin=U5-10
Removed Pin From Net: NetName=GND Pin=U5-11
Removed Pin From Net: NetName=NetR9_2 Pin=U5-12
Removed Pin From Net: NetName=GND Pin=U5-13
Removed Pin From Net: NetName=NetR9_3 Pin=U5-14
Removed Pin From Net: NetName=GND Pin=U5-15
Removed Pin From Net: NetName=NetR9_4 Pin=U5-16
Removed Pin From Net: NetName=RELAYOUT1 Pin=U6-1
Removed Pin From Net: NetName=RELAYOUT2 Pin=U7-1
Removed Pin From Net: NetName=OVERTEMP Pin=U9-2
Removed Pin From Net: NetName=GND Pin=U9-3
Removed Pin From Net: NetName=NetR8_4 Pin=U10-1
Removed Pin From Net: NetName=NetR8_3 Pin=U10-3
Removed Pin From Net: NetName=NetR8_2 Pin=U10-5
Removed Pin From Net: NetName=NetR8_1 Pin=U10-9
Removed Pin From Net: NetName=NetR9_4 Pin=U12-1
Removed Pin From Net: NetName=NetR9_3 Pin=U12-3
Removed Pin From Net: NetName=NetR9_2 Pin=U12-5
Removed Pin From Net: NetName=NetR9_1 Pin=U12-9
Removed Member From Class: ClassName=PowerUnit Member=TP1
Change Component DesignItemId : Designator=U9 Old DesignItemId=74LVC1G08 New DesignItemId=74LVC1G11
Change Component DesignItemId : Designator=U6 Old DesignItemId=CPC1020N New DesignItemId=CPC1018N
Change Component DesignItemId : Designator=U7 Old DesignItemId=CPC1020N New DesignItemId=CPC1018N
Change Component DesignItemId : Designator=P6 Old DesignItemId=Header 21 New DesignItemId=Header 12
Change Component DesignItemId : Designator=P7 Old DesignItemId=Header 21 New DesignItemId=Header 12
Change Component DesignItemId : Designator=U4 Old DesignItemId=LTV-847S New DesignItemId=MOCD207M
Change Component DesignItemId : Designator=U5 Old DesignItemId=LTV-847S New DesignItemId=MOCD207M
Change Component Footprint: Designator=U6 Old Footprint=CPC1002N New Footprint=CPC10xxN
Change Component Footprint: Designator=U7 Old Footprint=CPC1002N New Footprint=CPC10xxN
Change Component Footprint: Designator=U4 Old Footprint=DIL-16-SMD_BUTTERFLY New Footprint=soic8_HIGH
Change Component Footprint: Designator=U5 Old Footprint=DIL-16-SMD_BUTTERFLY New Footprint=soic8_HIGH
Change Component Footprint: Designator=P6 Old Footprint=PHOENIX_PTSA05_21 New Footprint=PHOENIX_PTSA05_12
Change Component Footprint: Designator=P7 Old Footprint=PHOENIX_PTSA05_21 New Footprint=PHOENIX_PTSA05_12
Change Component Footprint: Designator=U9 Old Footprint=SOT23-5 New Footprint=SOT363
Change Component Comment : Designator=R17 Old Comment=2k2 New Comment=Value
Change Component Comment : Designator=R18 Old Comment=2k2 New Comment=Value
Change Component Comment : Designator=R19 Old Comment=2k2 New Comment=Value
Change Component Comment : Designator=U9 Old Comment=74LVC1G08 New Comment=74LVC1G11
Change Component Comment : Designator=R3 Old Comment=100k New Comment=22k
Change Component Comment : Designator=R4 Old Comment=100k New Comment=22k
Change Component Comment : Designator=U6 Old Comment=CPC1020N New Comment=CPC1018N
Change Component Comment : Designator=U7 Old Comment=CPC1020N New Comment=CPC1018N
Change Component Comment : Designator=P6 Old Comment=Header 21 New Comment=Header 12
Change Component Comment : Designator=P7 Old Comment=Header 21 New Comment=Header 12
Change Component Comment : Designator=U4 Old Comment=LTV-847S New Comment=MOCD207M
Change Component Comment : Designator=U5 Old Comment=LTV-847S New Comment=MOCD207M
Added Component: Designator=C8(0402_)
Added Component: Designator=C9(0402_)
Added Component: Designator=C10(0402_)
Added Component: Designator=C11(0402_)
Added Component: Designator=C12(0402_)
Added Component: Designator=C13(0402_)
Added Component: Designator=C14(0402_)
Added Component: Designator=C15(0402_)
Added Component: Designator=C16(0402_)
Added Component: Designator=C17(0402_)
Added Component: Designator=C18(0402_)
Added Component: Designator=C19(0402_)
Added Component: Designator=C20(0402_)
Added Component: Designator=C21(0402_)
Added Component: Designator=C22(0402_)
Added Component: Designator=R10(YC164)
Added Component: Designator=R11(YC164)
Added Component: Designator=R20(0402_)
Added Component: Designator=R21(0402_)
Added Component: Designator=R22(0402_)
Added Component: Designator=R23(0402_)
Added Component: Designator=R24(0402_)
Added Component: Designator=R25(0402_)
Added Component: Designator=R26(0402_)
Added Component: Designator=R27(0402_)
Added Component: Designator=R28(0402_)
Added Component: Designator=R29(0402_)
Added Component: Designator=R30(0402_)
Added Component: Designator=R31(0402_)
Added Component: Designator=R32(MF72-010D5)
Added Component: Designator=R33(MF72-010D5)
Added Component: Designator=U14(soic8_HIGH)
Added Component: Designator=U15(soic8_HIGH)
Added Component: Designator=U16(soic8)
Added Component: Designator=U17(soic8)
Added Component: Designator=U18(soic8)
Added Component: Designator=U19(soic8)
Added Component: Designator=U20(SOT223-4M)
Added Component: Designator=U21(soic8)
Added Component: Designator=U22(SOT223-4M)
Added Pin To Net: NetName=AGND Pin=C8-1
Added Pin To Net: NetName=AGND Pin=C9-1
Added Pin To Net: NetName=AGND Pin=C10-1
Added Pin To Net: NetName=AGND Pin=C11-1
Added Pin To Net: NetName=AGND Pin=C12-1
Added Pin To Net: NetName=AGND Pin=C13-1
Added Pin To Net: NetName=AGND Pin=C14-1
Added Pin To Net: NetName=AGND Pin=C15-1
Added Pin To Net: NetName=VBAT Pin=C16-1
Added Pin To Net: NetName=GND Pin=C16-2
Added Pin To Net: NetName=GND Pin=C17-2
Added Pin To Net: NetName=GND Pin=C18-1
Added Pin To Net: NetName=3V3 Pin=C18-2
Added Pin To Net: NetName=GND Pin=C19-1
Added Pin To Net: NetName=GND Pin=C20-1
Added Pin To Net: NetName=VBAT Pin=C21-1
Added Pin To Net: NetName=GND Pin=C21-2
Added Pin To Net: NetName=3V3 Pin=C22-1
Added Pin To Net: NetName=GND Pin=C22-2
Added Pin To Net: NetName=AGND Pin=P6-2
Added Pin To Net: NetName=AGND Pin=P6-5
Added Pin To Net: NetName=AGND Pin=P6-8
Added Pin To Net: NetName=AGND Pin=P6-11
Added Pin To Net: NetName=AGND Pin=P7-2
Added Pin To Net: NetName=VBAT Pin=P7-3
Added Pin To Net: NetName=AGND Pin=P7-5
Added Pin To Net: NetName=VBAT Pin=P7-6
Added Pin To Net: NetName=AGND Pin=P7-8
Added Pin To Net: NetName=VBAT Pin=P7-9
Added Pin To Net: NetName=AGND Pin=P7-11
Added Pin To Net: NetName=VBAT Pin=P7-12
Added Pin To Net: NetName=AGND Pin=R10-1
Added Pin To Net: NetName=AGND Pin=R10-2
Added Pin To Net: NetName=AGND Pin=R10-3
Added Pin To Net: NetName=AGND Pin=R10-4
Added Pin To Net: NetName=AGND Pin=R11-1
Added Pin To Net: NetName=AGND Pin=R11-2
Added Pin To Net: NetName=AGND Pin=R11-3
Added Pin To Net: NetName=AGND Pin=R11-4
Added Pin To Net: NetName=NetD5_2 Pin=R12-2
Added Pin To Net: NetName=NetD6_2 Pin=R13-2
Added Pin To Net: NetName=NetD7_2 Pin=R14-2
Added Pin To Net: NetName=NetD8_2 Pin=R15-2
Added Pin To Net: NetName=NetD9_2 Pin=R16-2
Added Pin To Net: NetName=NetD10_2 Pin=R17-2
Added Pin To Net: NetName=NetD11_2 Pin=R18-2
Added Pin To Net: NetName=NetD12_2 Pin=R19-2
Added Pin To Net: NetName=RELAYOUT1 Pin=R20-2
Added Pin To Net: NetName=RELAYOUT2 Pin=R21-2
Added Pin To Net: NetName=3V3 Pin=R22-2
Added Pin To Net: NetName=NetD3_2 Pin=R32-1
Added Pin To Net: NetName=NetD4_2 Pin=R33-1
Added Pin To Net: NetName=GND Pin=U4-5
Added Pin To Net: NetName=NetR8_2 Pin=U4-6
Added Pin To Net: NetName=GND Pin=U4-7
Added Pin To Net: NetName=NetR8_1 Pin=U4-8
Added Pin To Net: NetName=GND Pin=U5-5
Added Pin To Net: NetName=NetR8_4 Pin=U5-6
Added Pin To Net: NetName=GND Pin=U5-7
Added Pin To Net: NetName=NetR8_3 Pin=U5-8
Added Pin To Net: NetName=GND Pin=U9-2
Added Pin To Net: NetName=OVERTEMP Pin=U9-6
Added Pin To Net: NetName=NetR8_1 Pin=U10-1
Added Pin To Net: NetName=NetR8_2 Pin=U10-3
Added Pin To Net: NetName=NetR8_3 Pin=U10-5
Added Pin To Net: NetName=NetR8_4 Pin=U10-9
Added Pin To Net: NetName=NetR9_1 Pin=U12-1
Added Pin To Net: NetName=NetR9_2 Pin=U12-3
Added Pin To Net: NetName=NetR9_3 Pin=U12-5
Added Pin To Net: NetName=NetR9_4 Pin=U12-9
Added Pin To Net: NetName=AGND Pin=U14-2
Added Pin To Net: NetName=AGND Pin=U14-4
Added Pin To Net: NetName=GND Pin=U14-5
Added Pin To Net: NetName=NetR9_2 Pin=U14-6
Added Pin To Net: NetName=GND Pin=U14-7
Added Pin To Net: NetName=NetR9_1 Pin=U14-8
Added Pin To Net: NetName=AGND Pin=U15-2
Added Pin To Net: NetName=AGND Pin=U15-4
Added Pin To Net: NetName=GND Pin=U15-5
Added Pin To Net: NetName=NetR9_4 Pin=U15-6
Added Pin To Net: NetName=GND Pin=U15-7
Added Pin To Net: NetName=NetR9_3 Pin=U15-8
Added Pin To Net: NetName=3V3 Pin=U16-1
Added Pin To Net: NetName=3V3 Pin=U16-3
Added Pin To Net: NetName=GND Pin=U16-5
Added Pin To Net: NetName=3V3 Pin=U17-1
Added Pin To Net: NetName=3V3 Pin=U17-3
Added Pin To Net: NetName=GND Pin=U17-5
Added Pin To Net: NetName=3V3 Pin=U18-1
Added Pin To Net: NetName=3V3 Pin=U18-3
Added Pin To Net: NetName=GND Pin=U18-5
Added Pin To Net: NetName=3V3 Pin=U19-1
Added Pin To Net: NetName=3V3 Pin=U19-3
Added Pin To Net: NetName=GND Pin=U19-5
Added Pin To Net: NetName=GND Pin=U20-2
Added Pin To Net: NetName=VBAT Pin=U20-3
Added Pin To Net: NetName=GND Pin=U21-1
Added Pin To Net: NetName=3V3 Pin=U21-4
Added Pin To Net: NetName=3V3 Pin=U21-8
Added Pin To Net: NetName=3V3 Pin=U22-1
Added Pin To Net: NetName=GND Pin=U22-2
Added Pin To Net: NetName=VBAT Pin=U22-3
Change Net Name : Old Net Name=AGND New Net Name=BGND
Added Pin To Net: NetName=BRIDGEPOL Pin=U9-3
Added Pin To Net: NetName=BRIDGEPOL Pin=U21-3
Added Net: Name=BRIDGEPOL
Added Pin To Net: NetName=DI_0 Pin=U10-2
Added Pin To Net: NetName=DI_0 Pin=U16-2
Added Net: Name=DI_0
Added Pin To Net: NetName=DI_1 Pin=U10-4
Added Pin To Net: NetName=DI_1 Pin=U16-4
Added Net: Name=DI_1
Added Pin To Net: NetName=DI_2 Pin=U10-6
Added Pin To Net: NetName=DI_2 Pin=U17-2
Added Net: Name=DI_2
Added Pin To Net: NetName=DI_3 Pin=U10-8
Added Pin To Net: NetName=DI_3 Pin=U17-4
Added Net: Name=DI_3
Added Pin To Net: NetName=DI_4 Pin=U12-2
Added Pin To Net: NetName=DI_4 Pin=U18-2
Added Net: Name=DI_4
Added Pin To Net: NetName=DI_5 Pin=U12-4
Added Pin To Net: NetName=DI_5 Pin=U18-4
Added Net: Name=DI_5
Added Pin To Net: NetName=DI_6 Pin=U12-6
Added Pin To Net: NetName=DI_6 Pin=U19-2
Added Net: Name=DI_6
Added Pin To Net: NetName=DI_7 Pin=U12-8
Added Pin To Net: NetName=DI_7 Pin=U19-4
Added Net: Name=DI_7
Added Pin To Net: NetName=EMBRAY Pin=D11-1
Added Pin To Net: NetName=EMBRAY Pin=P7-7
Added Net: Name=EMBRAY
Added Pin To Net: NetName=GAS Pin=D10-1
Added Pin To Net: NetName=GAS Pin=P7-4
Added Net: Name=GAS
Added Pin To Net: NetName=HUILE Pin=D12-1
Added Pin To Net: NetName=HUILE Pin=P7-10
Added Net: Name=HUILE
Added Pin To Net: NetName=NetC8_2 Pin=C8-2
Added Pin To Net: NetName=NetC8_2 Pin=R10-8
Added Pin To Net: NetName=NetC8_2 Pin=R15-1
Added Pin To Net: NetName=NetC8_2 Pin=U5-3
Added Pin To Net: NetName=NetC8_2 Pin=U11-3
Added Net: Name=NetC8_2
Added Pin To Net: NetName=NetC9_2 Pin=C9-2
Added Pin To Net: NetName=NetC9_2 Pin=R10-7
Added Pin To Net: NetName=NetC9_2 Pin=R14-1
Added Pin To Net: NetName=NetC9_2 Pin=U5-1
Added Pin To Net: NetName=NetC9_2 Pin=U11-1
Added Net: Name=NetC9_2
Added Pin To Net: NetName=NetC10_2 Pin=C10-2
Added Pin To Net: NetName=NetC10_2 Pin=R10-6
Added Pin To Net: NetName=NetC10_2 Pin=R13-1
Added Pin To Net: NetName=NetC10_2 Pin=U4-3
Added Pin To Net: NetName=NetC10_2 Pin=U11-6
Added Net: Name=NetC10_2
Added Pin To Net: NetName=NetC11_2 Pin=C11-2
Added Pin To Net: NetName=NetC11_2 Pin=R10-5
Added Pin To Net: NetName=NetC11_2 Pin=R12-1
Added Pin To Net: NetName=NetC11_2 Pin=U4-1
Added Pin To Net: NetName=NetC11_2 Pin=U11-4
Added Net: Name=NetC11_2
Added Pin To Net: NetName=NetC12_2 Pin=C12-2
Added Pin To Net: NetName=NetC12_2 Pin=R11-8
Added Pin To Net: NetName=NetC12_2 Pin=R19-1
Added Pin To Net: NetName=NetC12_2 Pin=U13-3
Added Pin To Net: NetName=NetC12_2 Pin=U15-3
Added Net: Name=NetC12_2
Added Pin To Net: NetName=NetC13_2 Pin=C13-2
Added Pin To Net: NetName=NetC13_2 Pin=R11-7
Added Pin To Net: NetName=NetC13_2 Pin=R18-1
Added Pin To Net: NetName=NetC13_2 Pin=U13-1
Added Pin To Net: NetName=NetC13_2 Pin=U15-1
Added Net: Name=NetC13_2
Added Pin To Net: NetName=NetC14_2 Pin=C14-2
Added Pin To Net: NetName=NetC14_2 Pin=R11-6
Added Pin To Net: NetName=NetC14_2 Pin=R17-1
Added Pin To Net: NetName=NetC14_2 Pin=U13-6
Added Pin To Net: NetName=NetC14_2 Pin=U14-3
Added Net: Name=NetC14_2
Added Pin To Net: NetName=NetC15_2 Pin=C15-2
Added Pin To Net: NetName=NetC15_2 Pin=R11-5
Added Pin To Net: NetName=NetC15_2 Pin=R16-1
Added Pin To Net: NetName=NetC15_2 Pin=U13-4
Added Pin To Net: NetName=NetC15_2 Pin=U14-1
Added Net: Name=NetC15_2
Added Pin To Net: NetName=NetC19_2 Pin=C19-2
Added Pin To Net: NetName=NetC19_2 Pin=U21-5
Added Net: Name=NetC19_2
Added Pin To Net: NetName=NetC20_2 Pin=C20-2
Added Pin To Net: NetName=NetC20_2 Pin=R23-2
Added Pin To Net: NetName=NetC20_2 Pin=U21-2
Added Pin To Net: NetName=NetC20_2 Pin=U21-6
Added Net: Name=NetC20_2
Added Pin To Net: NetName=NetP1_5 Pin=P1-5
Added Pin To Net: NetName=NetP1_5 Pin=R32-2
Added Net: Name=NetP1_5
Added Pin To Net: NetName=NetP1_7 Pin=P1-7
Added Pin To Net: NetName=NetP1_7 Pin=R33-2
Added Net: Name=NetP1_7
Added Pin To Net: NetName=NetR5_2 Pin=R5-2
Added Pin To Net: NetName=NetR5_2 Pin=R20-1
Added Pin To Net: NetName=NetR5_2 Pin=U6-1
Added Net: Name=NetR5_2
Added Pin To Net: NetName=NetR6_2 Pin=R6-2
Added Pin To Net: NetName=NetR6_2 Pin=R21-1
Added Pin To Net: NetName=NetR6_2 Pin=U7-1
Added Net: Name=NetR6_2
Added Pin To Net: NetName=NetR22_1 Pin=R22-1
Added Pin To Net: NetName=NetR22_1 Pin=R23-1
Added Pin To Net: NetName=NetR22_1 Pin=U21-7
Added Net: Name=NetR22_1
Added Pin To Net: NetName=NetR24_1 Pin=R24-1
Added Pin To Net: NetName=NetR24_1 Pin=U16-7
Added Net: Name=NetR24_1
Added Pin To Net: NetName=NetR25_1 Pin=R25-1
Added Pin To Net: NetName=NetR25_1 Pin=U16-6
Added Net: Name=NetR25_1
Added Pin To Net: NetName=NetR26_1 Pin=R26-1
Added Pin To Net: NetName=NetR26_1 Pin=U17-7
Added Net: Name=NetR26_1
Added Pin To Net: NetName=NetR27_1 Pin=R27-1
Added Pin To Net: NetName=NetR27_1 Pin=U17-6
Added Net: Name=NetR27_1
Added Pin To Net: NetName=NetR28_1 Pin=R28-1
Added Pin To Net: NetName=NetR28_1 Pin=U18-7
Added Net: Name=NetR28_1
Added Pin To Net: NetName=NetR29_1 Pin=R29-1
Added Pin To Net: NetName=NetR29_1 Pin=U18-6
Added Net: Name=NetR29_1
Added Pin To Net: NetName=NetR30_1 Pin=R30-1
Added Pin To Net: NetName=NetR30_1 Pin=U19-7
Added Net: Name=NetR30_1
Added Pin To Net: NetName=NetR31_1 Pin=R31-1
Added Pin To Net: NetName=NetR31_1 Pin=U19-6
Added Net: Name=NetR31_1
Added Pin To Net: NetName=NEUTRE Pin=D9-1
Added Pin To Net: NetName=NEUTRE Pin=P7-1
Added Net: Name=NEUTRE
Added Pin To Net: NetName=P1 Pin=D5-1
Added Pin To Net: NetName=P1 Pin=P6-1
Added Net: Name=P1
Added Pin To Net: NetName=P2 Pin=D6-1
Added Pin To Net: NetName=P2 Pin=P6-4
Added Net: Name=P2
Added Pin To Net: NetName=RAPPORT+ Pin=D7-1
Added Pin To Net: NetName=RAPPORT+ Pin=P6-7
Added Net: Name=RAPPORT+
Added Pin To Net: NetName=RAPPORT- Pin=D8-1
Added Pin To Net: NetName=RAPPORT- Pin=P6-10
Added Net: Name=RAPPORT-
Added Pin To Net: NetName=VIF Pin=C17-1
Added Pin To Net: NetName=VIF Pin=U16-8
Added Pin To Net: NetName=VIF Pin=U17-8
Added Pin To Net: NetName=VIF Pin=U18-8
Added Pin To Net: NetName=VIF Pin=U19-8
Added Pin To Net: NetName=VIF Pin=U20-1
Added Net: Name=VIF
Added Member To Class: ClassName=PowerUnit Member=Component C8 Value
Added Member To Class: ClassName=PowerUnit Member=Component C9 Value
Added Member To Class: ClassName=PowerUnit Member=Component C10 Value
Added Member To Class: ClassName=PowerUnit Member=Component C11 Value
Added Member To Class: ClassName=PowerUnit Member=Component C12 Value
Added Member To Class: ClassName=PowerUnit Member=Component C13 Value
Added Member To Class: ClassName=PowerUnit Member=Component C14 Value
Added Member To Class: ClassName=PowerUnit Member=Component C15 Value
Added Member To Class: ClassName=PowerUnit Member=Component C16 1u
Added Member To Class: ClassName=PowerUnit Member=Component C17 1u
Added Member To Class: ClassName=PowerUnit Member=Component C18 100n
Added Member To Class: ClassName=PowerUnit Member=Component C19 100n
Added Member To Class: ClassName=PowerUnit Member=Component C20 100n
Added Member To Class: ClassName=PowerUnit Member=Component C21 1u
Added Member To Class: ClassName=PowerUnit Member=Component C22 1u
Added Member To Class: ClassName=PowerUnit Member=Component R10 R_4array
Added Member To Class: ClassName=PowerUnit Member=Component R11 R_4array
Added Member To Class: ClassName=PowerUnit Member=Component R20 680R
Added Member To Class: ClassName=PowerUnit Member=Component R21 680R
Added Member To Class: ClassName=PowerUnit Member=Component R22 10k
Added Member To Class: ClassName=PowerUnit Member=Component R23 1k
Added Member To Class: ClassName=PowerUnit Member=Component R24 910R
Added Member To Class: ClassName=PowerUnit Member=Component R25 910R
Added Member To Class: ClassName=PowerUnit Member=Component R26 910R
Added Member To Class: ClassName=PowerUnit Member=Component R27 910R
Added Member To Class: ClassName=PowerUnit Member=Component R28 910R
Added Member To Class: ClassName=PowerUnit Member=Component R29 910R
Added Member To Class: ClassName=PowerUnit Member=Component R30 910R
Added Member To Class: ClassName=PowerUnit Member=Component R31 910R
Added Member To Class: ClassName=PowerUnit Member=Component R32 MF72-060D5
Added Member To Class: ClassName=PowerUnit Member=Component R33 MF72-060D5
Added Member To Class: ClassName=PowerUnit Member=Component U14 MOCD207M
Added Member To Class: ClassName=PowerUnit Member=Component U15 MOCD207M
Added Member To Class: ClassName=PowerUnit Member=Component U16 EL7232
Added Member To Class: ClassName=PowerUnit Member=Component U17 EL7232
Added Member To Class: ClassName=PowerUnit Member=Component U18 EL7232
Added Member To Class: ClassName=PowerUnit Member=Component U19 EL7232
Added Member To Class: ClassName=PowerUnit Member=Component U20 MCP1804T-A002I/DB
Added Member To Class: ClassName=PowerUnit Member=Component U21 TLC555
Added Member To Class: ClassName=PowerUnit Member=Component U22 MCP1804T-3302I/DB
