Removed Pin From Net: NetName=GND Pin=R5-1
Removed Pin From Net: NetName=RELAYOUT1 Pin=R5-2
Removed Pin From Net: NetName=NetR10_8 Pin=R12-1
Removed Pin From Net: NetName=NetR10_7 Pin=R13-1
Removed Pin From Net: NetName=NetR10_6 Pin=R14-1
Removed Pin From Net: NetName=NetR10_5 Pin=R15-1
Removed Pin From Net: NetName=NetR10_8 Pin=U4-1
Removed Pin From Net: NetName=NetR10_7 Pin=U4-3
Removed Pin From Net: NetName=NetR10_6 Pin=U4-5
Removed Pin From Net: NetName=NetR10_5 Pin=U4-7
Added Component: Designator=R5(0402_)
Added Pin To Net: NetName=GND Pin=R5-1
Added Pin To Net: NetName=RELAYOUT1 Pin=R5-2
Added Pin To Net: NetName=NetR10_5 Pin=R12-1
Added Pin To Net: NetName=NetR10_6 Pin=R13-1
Added Pin To Net: NetName=NetR10_7 Pin=R14-1
Added Pin To Net: NetName=NetR10_8 Pin=R15-1
Added Pin To Net: NetName=NetR10_5 Pin=U4-1
Added Pin To Net: NetName=NetR10_6 Pin=U4-3
Added Pin To Net: NetName=NetR10_7 Pin=U4-5
Added Pin To Net: NetName=NetR10_8 Pin=U4-7
Added Member To Class: ClassName=PowerUnit Member=Component R5 10k
