Removed Pin From Net: NetName=GND Pin=R5-1
Removed Pin From Net: NetName=RELAYOUT1 Pin=R5-2
Removed Pin From Net: NetName=NetR8_4 Pin=U4-10
Removed Pin From Net: NetName=NetR8_3 Pin=U4-12
Removed Pin From Net: NetName=NetR8_2 Pin=U4-14
Removed Pin From Net: NetName=NetR8_1 Pin=U4-16
Removed Pin From Net: NetName=NetR9_4 Pin=U5-10
Removed Pin From Net: NetName=NetR9_3 Pin=U5-12
Removed Pin From Net: NetName=NetR9_2 Pin=U5-14
Removed Pin From Net: NetName=NetR9_1 Pin=U5-16
Added Component: Designator=R5(0402_)
Added Pin To Net: NetName=GND Pin=R5-1
Added Pin To Net: NetName=RELAYOUT1 Pin=R5-2
Added Pin To Net: NetName=NetR8_1 Pin=U4-10
Added Pin To Net: NetName=NetR8_2 Pin=U4-12
Added Pin To Net: NetName=NetR8_3 Pin=U4-14
Added Pin To Net: NetName=NetR8_4 Pin=U4-16
Added Pin To Net: NetName=NetR9_1 Pin=U5-10
Added Pin To Net: NetName=NetR9_2 Pin=U5-12
Added Pin To Net: NetName=NetR9_3 Pin=U5-14
Added Pin To Net: NetName=NetR9_4 Pin=U5-16
