Removed Pin From Net: NetName=GND Pin=R5-1
Removed Pin From Net: NetName=RELAYOUT1 Pin=R5-2
Removed Pin From Net: NetName=GND Pin=R10-1
Removed Pin From Net: NetName=GND Pin=R10-2
Removed Pin From Net: NetName=GND Pin=R10-3
Removed Pin From Net: NetName=GND Pin=R10-4
Added Component: Designator=R5(0402_)
Added Pin To Net: NetName=GND Pin=R5-1
Added Pin To Net: NetName=RELAYOUT1 Pin=R5-2
Added Pin To Net: NetName=GND Pin=R10-5
Added Pin To Net: NetName=GND Pin=R10-6
Added Pin To Net: NetName=GND Pin=R10-7
Added Pin To Net: NetName=GND Pin=R10-8
Added Pin To Net: NetName=NetR10_1 Pin=R10-1
Added Pin To Net: NetName=NetR10_1 Pin=R12-1
Added Pin To Net: NetName=NetR10_1 Pin=U4-1
Added Net: Name=NetR10_1
Added Pin To Net: NetName=NetR10_2 Pin=R10-2
Added Pin To Net: NetName=NetR10_2 Pin=R13-1
Added Pin To Net: NetName=NetR10_2 Pin=U4-3
Added Net: Name=NetR10_2
Added Pin To Net: NetName=NetR10_3 Pin=R10-3
Added Pin To Net: NetName=NetR10_3 Pin=R14-1
Added Pin To Net: NetName=NetR10_3 Pin=U4-5
Added Net: Name=NetR10_3
Added Pin To Net: NetName=NetR10_4 Pin=R10-4
Added Pin To Net: NetName=NetR10_4 Pin=R15-1
Added Pin To Net: NetName=NetR10_4 Pin=U4-7
Added Net: Name=NetR10_4
Added Member To Class: ClassName=PowerUnit Member=Component R5 10k
