Removed Pin From Net: NetName=GND Pin=R5-1
Removed Pin From Net: NetName=RELAYOUT1 Pin=R5-2
Added Component: Designator=C4(0402_)
Added Component: Designator=R5(0402_)
Added Component: Designator=U8(SOT23-5)
Added Pin To Net: NetName=GND Pin=C4-2
Added Pin To Net: NetName=VBAT Pin=D1-1
Added Pin To Net: NetName=VBAT Pin=D2-1
Added Pin To Net: NetName=VBAT Pin=P1-1
Added Pin To Net: NetName=GND Pin=R5-1
Added Pin To Net: NetName=RELAYOUT1 Pin=R5-2
Added Pin To Net: NetName=VBAT Pin=T1-4
Added Pin To Net: NetName=VBAT Pin=T3-4
Added Pin To Net: NetName=VBAT Pin=U1-1
Added Pin To Net: NetName=VBAT Pin=U2-1
Added Pin To Net: NetName=GND Pin=U8-3
Change Net Name : Old Net Name=VDIG New Net Name=VDD
Added Pin To Net: NetName=3V3 Pin=C1-1
Added Pin To Net: NetName=3V3 Pin=C4-1
Added Pin To Net: NetName=3V3 Pin=U3-4
Added Pin To Net: NetName=3V3 Pin=U8-5
Added Net: Name=3V3
Added Pin To Net: NetName=MOT+ Pin=U1-8
Added Pin To Net: NetName=MOT+ Pin=U8-1
Added Net: Name=MOT+
Added Pin To Net: NetName=MOT- Pin=U2-8
Added Pin To Net: NetName=MOT- Pin=U8-2
Added Net: Name=MOT-
Added Pin To Net: NetName=NetU1_7 Pin=U1-7
Added Pin To Net: NetName=NetU1_7 Pin=U2-7
Added Pin To Net: NetName=NetU1_7 Pin=U8-4
Added Net: Name=NetU1_7
Added Member To Class: ClassName=PowerUnit Member=Component C4 100n
Added Member To Class: ClassName=PowerUnit Member=Component R5 10k
Added Member To Class: ClassName=PowerUnit Member=Component U8 74AHC1G32
